prog2_MT2E1-2_gcc-8_-O0 43
oor_oor_gcc-6_-O2 104
prog2_2.3.2_gcc-8_-O0 26
sgerbino-table-2fdd8d0_table_serialize_test_clang-7_-O2 124
Snaipe-Mimick-1dc4659_mmk_test_clang-9_-O0 191
sgerbino-table-2fdd8d0_table_binary_search_test_clang-7_-O0 33
sgerbino-table-2fdd8d0_table_sort_test_gcc-6_-O0 87
pngquant_pngquant_clang-9_-O0 77
prog2_0.8_clang-9_-O2 20
dvidelabs-flatcc-3b39ef7_emit_test_gcc-6_-O2 3
dvidelabs-flatcc-3b39ef7_monster_gcc-6_-O0 25
prog2_0.3_clang-7_-O2 36
prog2_0.11.2_gcc-6_-O2 20
prog2_1.1.3_clang-7_-O2 12
LuaJIT-2.0.5_buildvm_gcc-8_-O0 52
charybdis_charybdis-mkfingerprint_clang-9_-O2 35
maitesin-acc-4891b9a_lexer_tests_clang-9_-O2 29
eddieantonio-ocreval-3ab279a_accsum_gcc-6_-O0 9
dvidelabs-flatcc-3b39ef7_test_json_parser_clang-9_-O0 9
prog2_MT1E1-1.1_clang-9_-O2 40
jclehner-nmrpflash-5fc77cc_nmrpflash_clang-9_-O0 60
prog2_7.1_gcc-8_-O2 33
prog2_2.2_clang-9_-O0 36
LuaJIT-2.0.5_luajit_clang-9_-O0 11
stcorp-coda-3a25f25_codaeval_gcc-8_-O0 114
sgerbino-table-2fdd8d0_table_callback_test_gcc-6_-O0 29
sgerbino-table-2fdd8d0_table_binary_search_test_gcc-6_-O2 35
prog2_0.3_clang-9_-O0 18
prog2_0.6_clang-9_-O2 25
prog2_0.7_gcc-8_-O0 8
eddieantonio-ocreval-3ab279a_wordaccci_clang-9_-O0 10
pngquant_pngquant_gcc-8_-O2 90
prog2_3.2_clang-9_-O2 165
eddieantonio-ocreval-3ab279a_wordfreq_gcc-8_-O2 10
prog2_4_gcc-8_-O0 13
eddieantonio-ocreval-3ab279a_accsum_clang-9_-O2 10
sgerbino-table-2fdd8d0_table_binary_search_test_gcc-6_-O0 35
dvidelabs-flatcc-3b39ef7_monster_test_solo_gcc-6_-O2 20
charybdis_authd_clang-7_-O0 13
dvidelabs-flatcc-3b39ef7_flatc_compat_gcc-8_-O2 67
Snaipe-Mimick-1dc4659_mmk_test_gcc-6_-O2 152
prog2_3.2_clang-9_-O0 49
prog2_MT2E2-2_gcc-8_-O0 43
prog2_MT2E2-1_gcc-8_-O2 33
prog2_1.4_clang-9_-O2 65
takev-yyast-2f13a16_yadump_clang-7_-O0 25
prog2_1.5_clang-9_-O0 42
takev-yyast-2f13a16_yadump_gcc-6_-O2 27
charybdis_charybdis-mkpasswd_clang-9_-O2 92
sgerbino-table-2fdd8d0_table_validator_test_gcc-6_-O2 37
LuaJIT-2.0.5_minilua_gcc-6_-O0 25
charybdis_bantool_clang-9_-O0 88
prog2_1.1.1_gcc-6_-O2 39
eddieantonio-ocreval-3ab279a_wordaccsum_clang-7_-O2 9
stcorp-coda-3a25f25_codadd_clang-7_-O0 193
prog2_2.1_clang-9_-O2 40
jclehner-nmrpflash-5fc77cc_nmrpflash_gcc-6_-O0 56
prog2_0.4_clang-9_-O0 22
dvidelabs-flatcc-3b39ef7_test_json_parser_clang-7_-O0 9
stcorp-coda-3a25f25_codafind_clang-9_-O2 58
eddieantonio-ocreval-3ab279a_ngram_gcc-6_-O2 11
maitesin-acc-4891b9a_acc_clang-9_-O0 15
prog2_Extras_cores_gcc-6_-O0 9
ReadStat_readstat_clang-7_-O2 147
prog2_4_gcc-8_-O2 13
dvidelabs-flatcc-3b39ef7_monster_test_concat_clang-9_-O2 18
prog2_MT1E1-2.2_clang-7_-O0 12
sgerbino-table-2fdd8d0_table_row_test_clang-7_-O2 13
eddieantonio-ocreval-3ab279a_ngram_gcc-8_-O0 10
prog2_Extras_cores_gcc-6_-O2 9
eddieantonio-ocreval-3ab279a_synctext_gcc-8_-O2 24
prog2_0.8_clang-7_-O0 10
prog2_0.10_gcc-8_-O2 9
prog2_MT2E1-2_clang-9_-O0 43
prog2_MT1E1-2.2_gcc-6_-O2 13
stcorp-coda-3a25f25_TestEndianess.bin_gcc-8_-O2 1
eddieantonio-ocreval-3ab279a_wordacc_gcc-6_-O0 14
prog2_2.2_gcc-8_-O0 33
prog2_0.5_clang-7_-O2 29
prog2_8_gcc-6_-O2 15
takev-yyast-2f13a16_yadump_gcc-8_-O2 27
stcorp-coda-3a25f25_codacheck_clang-9_-O0 100
charybdis_ssld_clang-7_-O2 86
prog2_1.2_clang-9_-O0 113
prog2_3.e.3_clang-7_-O2 3
eddieantonio-ocreval-3ab279a_wordacc_clang-7_-O0 15
prog2_3.e.3_gcc-6_-O2 5
prog2_0.9_gcc-6_-O0 10
prog2_0.5_clang-9_-O0 14
eddieantonio-ocreval-3ab279a_accci_gcc-6_-O2 9
maitesin-acc-4891b9a_lexer_tests_clang-7_-O0 30
prog2_8_gcc-6_-O0 15
dvidelabs-flatcc-3b39ef7_test_basic_parse_gcc-6_-O2 6
prog2_3.1_gcc-8_-O2 33
Snaipe-Mimick-1dc4659_strdup_test_clang-9_-O0 3
eddieantonio-ocreval-3ab279a_synctext_clang-9_-O0 25
eddieantonio-ocreval-3ab279a_ngram_clang-7_-O2 16
prog2_5.1_clang-7_-O2 115
dvidelabs-flatcc-3b39ef7_json_test_uql_gcc-6_-O2 75
tbeu-matio-3dd266d_test_snprintf_gcc-8_-O2 65
dvidelabs-flatcc-3b39ef7_test_basic_parse_gcc-8_-O0 6
tbeu-matio-3dd266d_test_mat_gcc-8_-O0 344
prog2_0.10_clang-9_-O0 7
eddieantonio-ocreval-3ab279a_wordaccdist_gcc-6_-O0 7
prog2_0.7_gcc-6_-O0 8
prog2_1.2_gcc-8_-O0 40
prog2_0.7_clang-9_-O2 26
eddieantonio-ocreval-3ab279a_accsum_gcc-8_-O0 9
dvidelabs-flatcc-3b39ef7_monster_clang-9_-O0 26
tbeu-matio-3dd266d_matdump_gcc-6_-O0 74
sgerbino-table-2fdd8d0_table_column_test_gcc-6_-O2 22
stcorp-coda-3a25f25_TestEndianess.bin_clang-7_-O2 1
prog2_MT1E1-1.2_gcc-6_-O0 19
dvidelabs-flatcc-3b39ef7_flatc_compat_gcc-8_-O0 29
stcorp-coda-3a25f25_codafind_gcc-8_-O0 69
prog2_1.3_clang-7_-O0 34
rootname_rootname_gcc-8_-O0 21
charybdis_bantool_clang-9_-O2 357
prog2_1.4_clang-7_-O0 65
eddieantonio-ocreval-3ab279a_vote_gcc-6_-O2 8
prog2_1.1.3_gcc-8_-O2 23
dvidelabs-flatcc-3b39ef7_test_json_printer_clang-7_-O0 9
prog2_2.2_clang-9_-O2 34
vis_vis-digraph_gcc-8_-O2 56
prog2_1.1.1_clang-7_-O0 41
sgerbino-table-2fdd8d0_table_callback_test_clang-7_-O0 27
prog2_0.5_clang-9_-O2 25
prog2_0.1_clang-7_-O2 12
prog2_7.1_clang-9_-O0 34
prog2_0.2_gcc-8_-O2 22
stcorp-coda-3a25f25_codafind_gcc-6_-O2 71
maitesin-acc-4891b9a_lexer_tests_clang-9_-O0 30
prog2_0.10_clang-9_-O2 33
prog2_MT1E1-1.1_gcc-8_-O0 32
dvidelabs-flatcc-3b39ef7_json_test_uql_clang-7_-O0 75
dvidelabs-flatcc-3b39ef7_flatcc_clang-7_-O2 63
dvidelabs-flatcc-3b39ef7_monster_test_concat_gcc-6_-O2 20
eddieantonio-ocreval-3ab279a_editopsum_clang-7_-O2 9
tbeu-matio-3dd266d_test_mat_clang-7_-O2 1137
charybdis_ssld_gcc-8_-O0 58
maitesin-acc-4891b9a_acc_gcc-6_-O2 12
prog2_1.1.1_gcc-8_-O0 37
prog2_MT1E1-1.1_gcc-6_-O0 32
prog2_3.e.3_gcc-6_-O0 5
LuaJIT-2.0.5_luajit_gcc-6_-O2 10
dvidelabs-flatcc-3b39ef7_reflection_test_clang-7_-O0 8
pngquant_pngquant_clang-7_-O2 88
eddieantonio-ocreval-3ab279a_accdist_clang-7_-O2 10
Snaipe-Mimick-1dc4659_strdup_test_clang-9_-O2 3
tbeu-matio-3dd266d_test_snprintf_clang-7_-O0 74
stcorp-coda-3a25f25_codafind_clang-7_-O2 59
sgerbino-table-2fdd8d0_table_sort_test_clang-9_-O2 79
eddieantonio-ocreval-3ab279a_wordaccci_gcc-8_-O0 9
maitesin-acc-4891b9a_acc_clang-7_-O0 20
prog2_0.11.1_clang-9_-O0 10
vis_vis_gcc-6_-O0 132
prog2_MT1E1-2.1_gcc-8_-O2 51
rootname_rootname_gcc-6_-O2 34
prog2_3.1_clang-7_-O2 49
prog2_MT2E2-2_gcc-6_-O2 42
prog2_3.2_gcc-6_-O2 47
eddieantonio-ocreval-3ab279a_editopsum_gcc-6_-O2 9
prog2_0.2_clang-7_-O0 29
sgerbino-table-2fdd8d0_table_sort_test_clang-9_-O0 101
charybdis_ssld_gcc-6_-O2 65
eddieantonio-ocreval-3ab279a_nonstopacc_clang-7_-O2 12
prog2_1.2_clang-9_-O2 58
charybdis_authd_clang-7_-O2 13
eddieantonio-ocreval-3ab279a_wordaccdist_clang-7_-O2 9
prog2_10.1_clang-9_-O0 9
dvidelabs-flatcc-3b39ef7_monster_test_concat_gcc-8_-O2 20
eddieantonio-ocreval-3ab279a_vote_gcc-6_-O0 7
charybdis_wsockd_clang-7_-O2 48
prog2_0.4_clang-9_-O2 24
prog2_MT2E2-1_clang-9_-O0 35
takev-yyast-2f13a16_yadump_clang-7_-O2 22
eddieantonio-ocreval-3ab279a_synctext_gcc-6_-O0 24
prog2_1.1.1_gcc-8_-O2 39
prog2_3.e.3_clang-9_-O2 3
tbeu-matio-3dd266d_matdump_clang-9_-O0 79
Snaipe-Mimick-1dc4659_mmk_test_gcc-8_-O2 152
charybdis_ssld_gcc-6_-O0 58
sgerbino-table-2fdd8d0_table_version_test_clang-7_-O0 9
takev-yyast-2f13a16_yadump_clang-9_-O2 22
vis_vis-digraph_gcc-8_-O0 52
prog2_MT1E1-1.2_gcc-8_-O2 18
prog2_1.5_clang-9_-O2 35
eddieantonio-ocreval-3ab279a_wordfreq_clang-7_-O2 17
prog2_2.3.2_clang-9_-O2 37
jclehner-nmrpflash-5fc77cc_nmrpflash_clang-7_-O0 60
prog2_1.4_clang-9_-O0 65
charybdis_wsockd_clang-9_-O0 49
prog2_6.Challenge_clang-7_-O2 31
eddieantonio-ocreval-3ab279a_groupacc_clang-7_-O2 11
dvidelabs-flatcc-3b39ef7_load_test_gcc-6_-O0 46
dvidelabs-flatcc-3b39ef7_load_test_clang-7_-O2 84
prog2_0.11.1_gcc-6_-O2 12
stcorp-coda-3a25f25_codacheck_gcc-6_-O0 92
sgerbino-table-2fdd8d0_table_memtest_clang-7_-O0 27
sgerbino-table-2fdd8d0_table_callback_test_gcc-8_-O0 29
Snaipe-Mimick-1dc4659_strdup_test_clang-7_-O2 3
charybdis_ssld_clang-9_-O0 60
prog2_4_clang-7_-O2 13
prog2_0.11.1_clang-7_-O0 10
dvidelabs-flatcc-3b39ef7_reflection_test_gcc-8_-O2 6
eddieantonio-ocreval-3ab279a_wordaccsum_gcc-6_-O2 9
stcorp-coda-3a25f25_codafind_clang-7_-O0 71
sgerbino-table-2fdd8d0_table_sort_test_gcc-6_-O2 81
tbeu-matio-3dd266d_matdump_clang-9_-O2 281
charybdis_ssld_clang-7_-O0 65
prog2_8_clang-7_-O2 15
dvidelabs-flatcc-3b39ef7_json_test_uql_gcc-8_-O0 78
dvidelabs-flatcc-3b39ef7_json_test_uql_clang-9_-O2 75
charybdis_bandb_gcc-8_-O2 24
prog2_5.1_clang-9_-O0 91
charybdis_charybdis-mkpasswd_gcc-6_-O2 127
tbeu-matio-3dd266d_test_snprintf_clang-9_-O0 74
dvidelabs-flatcc-3b39ef7_bfbs2json_gcc-6_-O0 7
prog2_MT2E2-2_gcc-8_-O2 44
prog2_2.3.2_clang-7_-O0 25
ReadStat_extract_metadata_gcc-6_-O0 14
eddieantonio-ocreval-3ab279a_synctext_clang-9_-O2 25
dvidelabs-flatcc-3b39ef7_emit_test_clang-9_-O2 7
prog2_1.3_gcc-6_-O2 31
eddieantonio-ocreval-3ab279a_ngram_clang-7_-O0 11
charybdis_charybdis-mkpasswd_gcc-8_-O2 137
mdnsd_mquery_gcc-6_-O2 67
prog2_0.6_gcc-8_-O2 27
eddieantonio-ocreval-3ab279a_accuracy_clang-7_-O2 14
sgerbino-table-2fdd8d0_table_binary_search_test_gcc-8_-O0 35
maitesin-acc-4891b9a_lexer_tests_gcc-6_-O0 30
sgerbino-table-2fdd8d0_table_version_test_clang-7_-O2 9
prog2_3.2_gcc-8_-O2 47
sgerbino-table-2fdd8d0_table_sort_test_gcc-8_-O2 88
Snaipe-Mimick-1dc4659_mmk_test_clang-7_-O0 191
eddieantonio-ocreval-3ab279a_wordaccci_clang-7_-O2 10
prog2_1.1.3_gcc-6_-O2 23
prog2_2.3.2_clang-7_-O2 37
dvidelabs-flatcc-3b39ef7_bfbs2json_gcc-8_-O0 7
stcorp-coda-3a25f25_codadump_clang-7_-O2 325
dvidelabs-flatcc-3b39ef7_monster_test_solo_gcc-8_-O0 10
prog2_7.1_gcc-6_-O2 33
eddieantonio-ocreval-3ab279a_editopcost_gcc-8_-O0 10
Snaipe-Mimick-1dc4659_strdup_test_gcc-6_-O2 3
eddieantonio-ocreval-3ab279a_synctext_gcc-8_-O0 24
sgerbino-table-2fdd8d0_table_callback_test_clang-9_-O0 27
prog2_2.3.2_gcc-6_-O0 26
stcorp-coda-3a25f25_codacmp_clang-7_-O0 82
eddieantonio-ocreval-3ab279a_accci_clang-7_-O0 10
charybdis_wsockd_gcc-6_-O2 59
sgerbino-table-2fdd8d0_table_column_test_gcc-8_-O2 23
charybdis_charybdis-mkfingerprint_gcc-8_-O2 37
vis_vis-menu_clang-7_-O0 52
vis_vis-menu_clang-9_-O0 52
prog2_4_clang-9_-O0 13
sgerbino-table-2fdd8d0_table_memtest_clang-9_-O0 27
dvidelabs-flatcc-3b39ef7_bfbs2json_clang-7_-O2 6
prog2_0.11.1_gcc-8_-O0 12
prog2_3.1_clang-9_-O2 50
dvidelabs-flatcc-3b39ef7_monster_test_clang-7_-O0 97
dvidelabs-flatcc-3b39ef7_bfbs2json_gcc-6_-O2 6
eddieantonio-ocreval-3ab279a_wordacc_gcc-8_-O0 14
vis_vis-digraph_gcc-6_-O2 55
prog2_MT2E2-2_gcc-6_-O0 43
dvidelabs-flatcc-3b39ef7_bfbs2json_clang-7_-O0 7
prog2_10.1_gcc-6_-O0 10
LuaJIT-2.0.5_minilua_gcc-6_-O2 43
prog2_1.1.1_gcc-6_-O0 37
dvidelabs-flatcc-3b39ef7_test_json_parser_gcc-8_-O0 9
prog2_1.3_gcc-8_-O2 31
eddieantonio-ocreval-3ab279a_wordfreq_gcc-6_-O2 9
dvidelabs-flatcc-3b39ef7_test_json_parser_clang-9_-O2 7
prog2_0.7_gcc-8_-O2 8
prog2_MT2E1-1_clang-9_-O0 31
eddieantonio-ocreval-3ab279a_ngram_gcc-6_-O0 10
prog2_2.1_gcc-8_-O2 27
prog2_10.1_clang-9_-O2 10
oor_oor_clang-9_-O0 63
LuaJIT-2.0.5_buildvm_gcc-8_-O2 577
dvidelabs-flatcc-3b39ef7_load_test_clang-9_-O0 48
Snaipe-Mimick-1dc4659_mmk_test_gcc-6_-O0 152
eddieantonio-ocreval-3ab279a_wordaccdist_gcc-6_-O2 8
prog2_2.1_clang-7_-O0 26
dvidelabs-flatcc-3b39ef7_json_test_uql_clang-7_-O2 75
sgerbino-table-2fdd8d0_table_validator_test_clang-9_-O2 36
sgerbino-table-2fdd8d0_table_sort_test_clang-7_-O2 82
dvidelabs-flatcc-3b39ef7_monster_test_solo_clang-9_-O0 8
maitesin-acc-4891b9a_grammar_tests_clang-7_-O0 57
sgerbino-table-2fdd8d0_table_column_test_gcc-8_-O0 21
LuaJIT-2.0.5_buildvm_gcc-6_-O0 52
charybdis_authd_gcc-6_-O0 12
maitesin-acc-4891b9a_grammar_tests_gcc-6_-O2 57
eddieantonio-ocreval-3ab279a_editopcost_gcc-8_-O2 10
vis_vis-digraph_gcc-6_-O0 52
prog2_1.1.1_clang-9_-O0 41
prog2_MT1E1-2.1_gcc-6_-O0 58
prog2_1.3_gcc-6_-O0 33
dvidelabs-flatcc-3b39ef7_json_test_uq_off_gcc-6_-O2 45
prog2_MT2E2-1_gcc-8_-O0 36
prog2_0.11.1_gcc-6_-O0 12
dvidelabs-flatcc-3b39ef7_json_test_uq_off_gcc-6_-O0 48
prog2_8_clang-9_-O0 15
prog2_0.11.2_gcc-8_-O2 16
maitesin-acc-4891b9a_lexer_tests_clang-7_-O2 29
dvidelabs-flatcc-3b39ef7_monster_test_prefix_gcc-6_-O0 10
prog2_10.1_gcc-8_-O0 10
mdnsd_mdnsd_clang-9_-O0 122
eddieantonio-ocreval-3ab279a_editopcost_clang-9_-O0 11
dvidelabs-flatcc-3b39ef7_monster_gcc-8_-O0 25
dvidelabs-flatcc-3b39ef7_load_test_gcc-8_-O2 90
prog2_MT1E1-2.1_gcc-8_-O0 58
prog2_0.1_gcc-6_-O0 14
dvidelabs-flatcc-3b39ef7_monster_test_solo_clang-7_-O2 18
LuaJIT-2.0.5_luajit_clang-9_-O2 21
prog2_1.2_gcc-8_-O2 35
dvidelabs-flatcc-3b39ef7_cgen_test_clang-9_-O2 19
sgerbino-table-2fdd8d0_table_memtest_clang-7_-O2 23
sgerbino-table-2fdd8d0_table_validator_test_gcc-8_-O2 37
prog2_MT2E2-1_clang-9_-O2 40
prog2_2.3.2_gcc-8_-O2 27
prog2_3.1_clang-7_-O0 32
LuaJIT-2.0.5_minilua_clang-9_-O2 71
prog2_MT1E1-2.2_clang-9_-O0 12
Snaipe-Mimick-1dc4659_mmk_test_gcc-8_-O0 152
prog2_3.1_gcc-6_-O0 33
prog2_0.10_clang-7_-O0 7
prog2_0.2_gcc-6_-O0 26
charybdis_charybdis_clang-7_-O2 1
dvidelabs-flatcc-3b39ef7_test_basic_parse_clang-7_-O0 4
dvidelabs-flatcc-3b39ef7_reflection_test_clang-7_-O2 6
charybdis_wsockd_clang-7_-O0 54
prog2_0.5_clang-7_-O0 15
sgerbino-table-2fdd8d0_table_memtest_gcc-8_-O2 25
sgerbino-table-2fdd8d0_table_row_test_gcc-8_-O0 16
xmidt-org-trower-base64-20eecf3_simple_gcc-8_-O2 19
tbeu-matio-3dd266d_matdump_clang-7_-O0 80
dvidelabs-flatcc-3b39ef7_monster_clang-7_-O2 17
dvidelabs-flatcc-3b39ef7_flatc_compat_clang-9_-O0 27
dvidelabs-flatcc-3b39ef7_test_basic_parse_clang-7_-O2 4
dvidelabs-flatcc-3b39ef7_flatc_compat_clang-7_-O0 27
tbeu-matio-3dd266d_test_mat_clang-9_-O0 397
charybdis_charybdis-mkfingerprint_clang-7_-O2 35
prog2_1.1.1_clang-9_-O2 22
sgerbino-table-2fdd8d0_table_column_test_clang-9_-O2 19
sgerbino-table-2fdd8d0_table_column_test_clang-7_-O0 19
prog2_1.5_gcc-6_-O2 32
prog2_7.1_clang-7_-O2 40
maitesin-acc-4891b9a_lexer_tests_gcc-8_-O2 30
charybdis_bandb_clang-9_-O2 81
prog2_9_clang-9_-O2 258
charybdis_charybdis_clang-9_-O2 1
charybdis_ssld_gcc-8_-O2 64
dvidelabs-flatcc-3b39ef7_flatcc_clang-7_-O0 84
prog2_2.2_gcc-6_-O0 33
tbeu-matio-3dd266d_matdump_gcc-6_-O2 210
eddieantonio-ocreval-3ab279a_wordaccsum_gcc-6_-O0 9
eddieantonio-ocreval-3ab279a_wordaccci_gcc-6_-O2 9
ReadStat_extract_metadata_clang-9_-O2 11
stcorp-coda-3a25f25_codadd_clang-7_-O2 138
eddieantonio-ocreval-3ab279a_groupacc_gcc-8_-O0 11
prog2_0.11.2_clang-7_-O2 26
stcorp-coda-3a25f25_codafind_clang-9_-O0 71
stcorp-coda-3a25f25_codaeval_clang-7_-O0 117
eddieantonio-ocreval-3ab279a_accsum_gcc-8_-O2 9
rootname_rootname_clang-7_-O0 20
prog2_6.Challenge_gcc-8_-O0 17
sgerbino-table-2fdd8d0_table_sort_test_gcc-8_-O0 87
dvidelabs-flatcc-3b39ef7_test_json_printer_clang-9_-O2 7
dvidelabs-flatcc-3b39ef7_cgen_test_gcc-6_-O2 22
prog2_2.1_clang-9_-O0 26
vis_vis-menu_clang-9_-O2 357
LuaJIT-2.0.5_luajit_clang-7_-O2 21
dvidelabs-flatcc-3b39ef7_test_basic_parse_clang-9_-O2 4
ReadStat_readstat_clang-9_-O2 147
prog2_0.1_clang-9_-O2 12
dvidelabs-flatcc-3b39ef7_monster_test_prefix_gcc-6_-O2 20
mdnsd_mdnsd_gcc-6_-O2 122
dvidelabs-flatcc-3b39ef7_flatcc_clang-9_-O0 83
dvidelabs-flatcc-3b39ef7_monster_gcc-8_-O2 25
sgerbino-table-2fdd8d0_table_validator_test_clang-7_-O0 35
charybdis_charybdis-mkpasswd_gcc-8_-O0 74
rootname_rootname_clang-9_-O2 34
charybdis_charybdis-mkfingerprint_gcc-6_-O0 40
eddieantonio-ocreval-3ab279a_wordaccsum_gcc-8_-O2 9
prog2_0.4_gcc-6_-O0 24
eddieantonio-ocreval-3ab279a_accuracy_gcc-6_-O2 13
ReadStat_readstat_gcc-8_-O0 52
eddieantonio-ocreval-3ab279a_accuracy_clang-7_-O0 15
ReadStat_readstat_gcc-6_-O2 154
prog2_0.8_clang-9_-O0 10
prog2_0.3_gcc-6_-O0 20
charybdis_charybdis_gcc-6_-O0 2
maitesin-acc-4891b9a_grammar_tests_clang-9_-O0 57
prog2_0.6_gcc-6_-O0 26
prog2_MT2E1-1_gcc-8_-O2 31
charybdis_bandb_gcc-8_-O0 9
prog2_3.e.3_gcc-8_-O2 5
eddieantonio-ocreval-3ab279a_groupacc_clang-9_-O0 12
stcorp-coda-3a25f25_codadd_gcc-8_-O0 178
prog2_0.2_clang-7_-O2 43
charybdis_bandb_gcc-6_-O0 9
dvidelabs-flatcc-3b39ef7_monster_test_solo_gcc-6_-O0 10
LuaJIT-2.0.5_luajit_clang-7_-O0 11
ReadStat_extract_metadata_gcc-8_-O0 14
eddieantonio-ocreval-3ab279a_wordacc_clang-9_-O0 15
prog2_MT1E1-2.2_gcc-6_-O0 13
dvidelabs-flatcc-3b39ef7_bfbs2json_clang-9_-O2 6
prog2_1.2_clang-7_-O0 113
prog2_5.1_clang-9_-O2 109
prog2_6.Challenge_gcc-6_-O0 17
LuaJIT-2.0.5_buildvm_clang-7_-O0 49
maitesin-acc-4891b9a_grammar_tests_gcc-8_-O0 57
sgerbino-table-2fdd8d0_table_validator_test_clang-9_-O0 35
prog2_MT1E1-2.1_clang-7_-O2 144
stcorp-coda-3a25f25_TestEndianess.bin_clang-9_-O0 1
dvidelabs-flatcc-3b39ef7_monster_test_concat_clang-9_-O0 8
vis_vis_clang-9_-O2 123
prog2_8_gcc-8_-O0 15
dvidelabs-flatcc-3b39ef7_json_test_uq_off_clang-9_-O2 45
sgerbino-table-2fdd8d0_table_callback_test_clang-7_-O2 27
prog2_0.7_gcc-6_-O2 8
vis_vis_clang-9_-O0 141
eddieantonio-ocreval-3ab279a_editop_clang-9_-O2 71
prog2_MT1E1-1.2_gcc-8_-O0 19
dvidelabs-flatcc-3b39ef7_monster_test_concat_clang-7_-O2 18
stcorp-coda-3a25f25_codacmp_clang-9_-O2 141
jclehner-nmrpflash-5fc77cc_nmrpflash_gcc-8_-O2 48
prog2_3.e.3_gcc-8_-O0 5
dvidelabs-flatcc-3b39ef7_monster_clang-9_-O2 17
dvidelabs-flatcc-3b39ef7_emit_test_gcc-6_-O0 3
tbeu-matio-3dd266d_matdump_gcc-8_-O0 74
eddieantonio-ocreval-3ab279a_vote_clang-7_-O0 8
sgerbino-table-2fdd8d0_table_memtest_gcc-6_-O0 28
prog2_MT1E1-1.1_clang-9_-O0 32
eddieantonio-ocreval-3ab279a_editopsum_clang-9_-O0 10
sgerbino-table-2fdd8d0_table_binary_search_test_clang-9_-O2 33
eddieantonio-ocreval-3ab279a_accdist_gcc-6_-O2 8
ReadStat_extract_metadata_clang-9_-O0 12
charybdis_authd_gcc-8_-O0 12
eddieantonio-ocreval-3ab279a_accdist_gcc-6_-O0 7
prog2_Extras_cores_gcc-8_-O2 9
sgerbino-table-2fdd8d0_table_validator_test_gcc-8_-O0 37
eddieantonio-ocreval-3ab279a_groupacc_gcc-6_-O0 11
eddieantonio-ocreval-3ab279a_wordacc_gcc-6_-O2 12
charybdis_authd_clang-9_-O0 13
prog2_MT2E2-2_clang-9_-O0 42
ReadStat_readstat_gcc-8_-O2 154
takev-yyast-2f13a16_yadump_gcc-6_-O0 27
LuaJIT-2.0.5_luajit_gcc-8_-O2 9
prog2_MT2E1-1_clang-7_-O2 43
prog2_MT2E1-1_clang-7_-O0 31
prog2_9_gcc-8_-O2 53
prog2_MT2E2-2_clang-7_-O0 43
eddieantonio-ocreval-3ab279a_editopcost_clang-7_-O0 11
prog2_MT2E2-1_clang-7_-O0 35
dvidelabs-flatcc-3b39ef7_cgen_test_gcc-8_-O0 23
dvidelabs-flatcc-3b39ef7_json_test_uq_off_clang-9_-O0 45
tbeu-matio-3dd266d_test_mat_gcc-6_-O2 712
prog2_0.11.1_clang-7_-O2 16
sgerbino-table-2fdd8d0_table_version_test_gcc-6_-O0 9
prog2_MT2E2-2_clang-9_-O2 44
prog2_0.6_clang-9_-O0 24
stcorp-coda-3a25f25_codacmp_clang-7_-O2 142
prog2_0.8_gcc-8_-O2 9
vis_vis-digraph_clang-9_-O2 64
prog2_MT1E1-2.2_clang-7_-O2 12
eddieantonio-ocreval-3ab279a_wordaccdist_clang-9_-O0 8
prog2_MT1E1-1.1_gcc-8_-O2 32
sgerbino-table-2fdd8d0_table_callback_test_gcc-6_-O2 29
prog2_0.11.1_clang-9_-O2 17
dvidelabs-flatcc-3b39ef7_flatc_compat_gcc-6_-O0 29
prog2_9_clang-7_-O0 56
prog2_MT2E1-2_clang-7_-O2 43
prog2_2.1_gcc-6_-O0 27
rootname_rootname_clang-7_-O2 33
vis_vis-digraph_clang-7_-O2 64
maitesin-acc-4891b9a_acc_gcc-8_-O0 14
LuaJIT-2.0.5_minilua_gcc-8_-O2 42
prog2_9_clang-7_-O2 258
prog2_0.1_clang-7_-O0 12
prog2_0.7_clang-7_-O0 5
eddieantonio-ocreval-3ab279a_editopsum_clang-9_-O2 8
prog2_MT1E1-1.2_clang-9_-O2 19
eddieantonio-ocreval-3ab279a_wordfreq_clang-7_-O0 10
charybdis_bandb_clang-7_-O2 95
dvidelabs-flatcc-3b39ef7_flatcc_gcc-8_-O0 88
stcorp-coda-3a25f25_TestEndianess.bin_gcc-6_-O2 1
stcorp-coda-3a25f25_codaeval_clang-7_-O2 86
prog2_0.5_gcc-8_-O0 20
dvidelabs-flatcc-3b39ef7_monster_test_gcc-6_-O0 99
sgerbino-table-2fdd8d0_table_row_test_clang-7_-O0 14
prog2_0.2_clang-9_-O0 28
charybdis_wsockd_gcc-8_-O0 46
tbeu-matio-3dd266d_test_mat_gcc-6_-O0 344
sgerbino-table-2fdd8d0_table_row_test_gcc-6_-O0 16
mdnsd_mquery_clang-9_-O2 73
prog2_1.5_clang-7_-O0 44
dvidelabs-flatcc-3b39ef7_flatcc_gcc-6_-O0 88
oor_oor_gcc-6_-O0 55
stcorp-coda-3a25f25_codaeval_gcc-6_-O2 98
eddieantonio-ocreval-3ab279a_accsum_clang-7_-O2 10
dvidelabs-flatcc-3b39ef7_json_test_uq_off_gcc-8_-O0 48
sgerbino-table-2fdd8d0_table_serialize_test_clang-9_-O0 118
prog2_MT1E1-2.2_gcc-8_-O0 13
LuaJIT-2.0.5_luajit_gcc-8_-O0 12
dvidelabs-flatcc-3b39ef7_flatcc_gcc-6_-O2 77
LuaJIT-2.0.5_minilua_clang-9_-O0 25
dvidelabs-flatcc-3b39ef7_monster_test_gcc-8_-O2 54
sgerbino-table-2fdd8d0_table_version_test_clang-9_-O0 9
sgerbino-table-2fdd8d0_table_sort_test_clang-7_-O0 103
takev-yyast-2f13a16_yadump_clang-9_-O0 25
charybdis_wsockd_gcc-6_-O0 46
prog2_MT1E1-2.1_clang-7_-O0 63
dvidelabs-flatcc-3b39ef7_monster_test_prefix_clang-7_-O2 18
eddieantonio-ocreval-3ab279a_accuracy_gcc-8_-O0 15
dvidelabs-flatcc-3b39ef7_test_json_printer_gcc-8_-O0 9
prog2_MT2E2-1_clang-7_-O2 40
charybdis_charybdis-mkpasswd_gcc-6_-O0 74
charybdis_bantool_gcc-6_-O2 270
eddieantonio-ocreval-3ab279a_wordaccci_gcc-6_-O0 9
prog2_MT1E1-1.1_clang-7_-O0 34
eddieantonio-ocreval-3ab279a_wordaccsum_gcc-8_-O0 9
eddieantonio-ocreval-3ab279a_editop_clang-9_-O0 51
maitesin-acc-4891b9a_grammar_tests_gcc-6_-O0 57
LuaJIT-2.0.5_luajit_gcc-6_-O0 12
vis_vis-menu_gcc-6_-O0 42
prog2_6.Challenge_gcc-6_-O2 20
tbeu-matio-3dd266d_test_snprintf_clang-9_-O2 58
prog2_2.2_gcc-8_-O2 37
eddieantonio-ocreval-3ab279a_wordaccdist_clang-9_-O2 9
ReadStat_extract_metadata_gcc-6_-O2 14
dvidelabs-flatcc-3b39ef7_json_test_uq_off_gcc-8_-O2 45
prog2_0.8_gcc-6_-O2 16
maitesin-acc-4891b9a_lexer_tests_gcc-6_-O2 30
tbeu-matio-3dd266d_matdump_gcc-8_-O2 212
eddieantonio-ocreval-3ab279a_accci_clang-9_-O2 11
dvidelabs-flatcc-3b39ef7_monster_test_concat_gcc-6_-O0 10
prog2_1.4_gcc-8_-O0 64
vis_vis-menu_gcc-8_-O2 195
ReadStat_readstat_clang-7_-O0 61
tbeu-matio-3dd266d_test_mat_gcc-8_-O2 587
eddieantonio-ocreval-3ab279a_accci_gcc-8_-O2 9
prog2_5.1_gcc-6_-O2 101
stcorp-coda-3a25f25_codadump_gcc-8_-O0 48
maitesin-acc-4891b9a_acc_gcc-6_-O0 15
ReadStat_extract_metadata_clang-7_-O0 12
prog2_3.2_clang-7_-O0 51
sgerbino-table-2fdd8d0_table_memtest_gcc-6_-O2 24
prog2_0.2_clang-9_-O2 44
eddieantonio-ocreval-3ab279a_accsum_clang-9_-O0 10
dvidelabs-flatcc-3b39ef7_monster_test_clang-9_-O2 49
LuaJIT-2.0.5_minilua_clang-7_-O2 70
eddieantonio-ocreval-3ab279a_wordfreq_clang-9_-O0 10
takev-yyast-2f13a16_yadump_gcc-8_-O0 27
eddieantonio-ocreval-3ab279a_editop_clang-7_-O0 51
eddieantonio-ocreval-3ab279a_nonstopacc_clang-7_-O0 13
jclehner-nmrpflash-5fc77cc_nmrpflash_clang-9_-O2 20
tbeu-matio-3dd266d_test_snprintf_gcc-6_-O2 65
sgerbino-table-2fdd8d0_table_serialize_test_clang-7_-O0 118
maitesin-acc-4891b9a_acc_clang-7_-O2 12
sgerbino-table-2fdd8d0_table_row_test_gcc-8_-O2 16
dvidelabs-flatcc-3b39ef7_flatc_compat_clang-7_-O2 66
sgerbino-table-2fdd8d0_table_serialize_test_clang-9_-O2 124
dvidelabs-flatcc-3b39ef7_load_test_clang-7_-O0 50
LuaJIT-2.0.5_buildvm_gcc-6_-O2 582
dvidelabs-flatcc-3b39ef7_emit_test_clang-7_-O2 7
prog2_Extras_cores_gcc-8_-O0 9
dvidelabs-flatcc-3b39ef7_json_test_uql_gcc-8_-O2 75
eddieantonio-ocreval-3ab279a_nonstopacc_clang-9_-O2 12
xmidt-org-trower-base64-20eecf3_simple_gcc-6_-O2 19
rootname_rootname_clang-9_-O0 19
stcorp-coda-3a25f25_codacmp_gcc-8_-O0 79
prog2_0.4_gcc-8_-O2 25
prog2_10.1_gcc-6_-O2 10
vis_vis-menu_gcc-6_-O2 231
prog2_4_gcc-6_-O2 13
dvidelabs-flatcc-3b39ef7_monster_gcc-6_-O2 25
rootname_rootname_gcc-8_-O2 35
dvidelabs-flatcc-3b39ef7_bfbs2json_gcc-8_-O2 6
Snaipe-Mimick-1dc4659_strdup_test_gcc-6_-O0 3
eddieantonio-ocreval-3ab279a_editopcost_gcc-6_-O2 10
prog2_3.1_gcc-8_-O0 33
eddieantonio-ocreval-3ab279a_editopsum_gcc-8_-O2 9
eddieantonio-ocreval-3ab279a_accci_clang-7_-O2 11
prog2_MT1E1-1.2_gcc-6_-O2 18
prog2_0.3_gcc-8_-O0 20
charybdis_authd_gcc-8_-O2 12
vis_vis_gcc-6_-O2 124
dvidelabs-flatcc-3b39ef7_monster_test_prefix_clang-9_-O2 18
prog2_0.3_gcc-6_-O2 18
prog2_0.4_clang-7_-O0 23
Snaipe-Mimick-1dc4659_strdup_test_gcc-8_-O0 3
prog2_MT1E1-2.1_gcc-6_-O2 50
dvidelabs-flatcc-3b39ef7_emit_test_clang-7_-O0 3
pngquant_pngquant_gcc-6_-O0 82
prog2_5.1_clang-7_-O0 106
dvidelabs-flatcc-3b39ef7_monster_clang-7_-O0 26
stcorp-coda-3a25f25_codaeval_gcc-6_-O0 114
prog2_0.4_gcc-8_-O0 24
prog2_1.5_gcc-6_-O0 34
stcorp-coda-3a25f25_codacheck_gcc-6_-O2 114
dvidelabs-flatcc-3b39ef7_test_json_printer_gcc-6_-O0 9
eddieantonio-ocreval-3ab279a_vote_clang-9_-O0 8
prog2_0.10_gcc-8_-O0 9
prog2_1.1.1_clang-7_-O2 16
mdnsd_mdnsd_clang-7_-O0 116
sgerbino-table-2fdd8d0_table_binary_search_test_gcc-8_-O2 39
stcorp-coda-3a25f25_codadd_gcc-6_-O0 178
eddieantonio-ocreval-3ab279a_accuracy_gcc-8_-O2 13
prog2_1.1.3_gcc-8_-O0 24
eddieantonio-ocreval-3ab279a_groupacc_gcc-8_-O2 10
stcorp-coda-3a25f25_codadd_clang-9_-O2 139
eddieantonio-ocreval-3ab279a_wordfreq_gcc-6_-O0 9
prog2_MT2E1-1_gcc-6_-O2 31
maitesin-acc-4891b9a_grammar_tests_clang-9_-O2 57
dvidelabs-flatcc-3b39ef7_flatc_compat_clang-9_-O2 65
prog2_1.4_gcc-8_-O2 69
sgerbino-table-2fdd8d0_table_row_test_gcc-6_-O2 15
vis_vis_gcc-8_-O0 132
eddieantonio-ocreval-3ab279a_accuracy_clang-9_-O2 14
stcorp-coda-3a25f25_codadump_gcc-8_-O2 332
prog2_0.11.1_gcc-8_-O2 12
dvidelabs-flatcc-3b39ef7_json_test_uql_clang-9_-O0 75
prog2_MT1E1-1.2_clang-7_-O0 17
dvidelabs-flatcc-3b39ef7_monster_test_clang-9_-O0 97
prog2_0.1_gcc-8_-O2 14
charybdis_bandb_clang-9_-O0 10
eddieantonio-ocreval-3ab279a_wordaccci_clang-7_-O0 10
eddieantonio-ocreval-3ab279a_accsum_gcc-6_-O2 9
eddieantonio-ocreval-3ab279a_accdist_clang-9_-O2 10
stcorp-coda-3a25f25_codacheck_clang-7_-O0 102
prog2_3.2_clang-7_-O2 166
stcorp-coda-3a25f25_codacheck_gcc-8_-O0 92
maitesin-acc-4891b9a_lexer_tests_gcc-8_-O0 30
stcorp-coda-3a25f25_codaeval_gcc-8_-O2 93
dvidelabs-flatcc-3b39ef7_flatcc_gcc-8_-O2 73
Snaipe-Mimick-1dc4659_strdup_test_clang-7_-O0 3
stcorp-coda-3a25f25_codadump_gcc-6_-O2 386
pngquant_pngquant_clang-9_-O2 88
eddieantonio-ocreval-3ab279a_accuracy_clang-9_-O0 16
eddieantonio-ocreval-3ab279a_wordacc_clang-9_-O2 44
Snaipe-Mimick-1dc4659_mmk_test_clang-9_-O2 191
prog2_1.1.3_clang-9_-O0 27
dvidelabs-flatcc-3b39ef7_monster_test_prefix_clang-9_-O0 8
prog2_7.1_clang-9_-O2 40
prog2_0.11.2_clang-7_-O0 19
mdnsd_mquery_clang-7_-O2 79
eddieantonio-ocreval-3ab279a_groupacc_gcc-6_-O2 9
charybdis_bantool_clang-7_-O2 374
mdnsd_mdnsd_clang-9_-O2 159
dvidelabs-flatcc-3b39ef7_reflection_test_gcc-8_-O0 8
sgerbino-table-2fdd8d0_table_column_test_gcc-6_-O0 21
charybdis_charybdis_gcc-8_-O0 2
dvidelabs-flatcc-3b39ef7_load_test_clang-9_-O2 80
prog2_0.5_gcc-6_-O0 20
prog2_0.2_gcc-8_-O0 26
dvidelabs-flatcc-3b39ef7_test_basic_parse_gcc-6_-O0 6
prog2_4_clang-7_-O0 14
prog2_MT2E2-1_gcc-6_-O2 33
pngquant_pngquant_gcc-6_-O2 90
charybdis_bandb_clang-7_-O0 10
dvidelabs-flatcc-3b39ef7_test_json_parser_gcc-6_-O2 7
eddieantonio-ocreval-3ab279a_wordaccdist_gcc-8_-O0 7
charybdis_bantool_gcc-8_-O0 87
dvidelabs-flatcc-3b39ef7_cgen_test_clang-7_-O2 19
prog2_7.1_gcc-6_-O0 34
vis_vis-digraph_clang-7_-O0 57
xmidt-org-trower-base64-20eecf3_simple_gcc-6_-O0 19
prog2_10.1_gcc-8_-O2 10
prog2_0.1_clang-9_-O0 12
charybdis_bantool_gcc-6_-O0 87
dvidelabs-flatcc-3b39ef7_cgen_test_gcc-6_-O0 24
dvidelabs-flatcc-3b39ef7_flatc_compat_gcc-6_-O2 67
prog2_MT2E1-1_gcc-8_-O0 31
stcorp-coda-3a25f25_codacheck_gcc-8_-O2 99
prog2_Extras_cores_clang-7_-O2 9
prog2_0.3_gcc-8_-O2 18
eddieantonio-ocreval-3ab279a_editopcost_clang-9_-O2 11
prog2_1.4_gcc-6_-O0 64
vis_vis_clang-7_-O0 142
charybdis_charybdis-mkfingerprint_gcc-8_-O0 38
prog2_MT2E1-2_gcc-6_-O2 43
vis_vis_gcc-8_-O2 129
prog2_8_clang-7_-O0 16
sgerbino-table-2fdd8d0_table_serialize_test_gcc-8_-O0 119
jclehner-nmrpflash-5fc77cc_nmrpflash_gcc-8_-O0 56
dvidelabs-flatcc-3b39ef7_cgen_test_gcc-8_-O2 21
sgerbino-table-2fdd8d0_table_serialize_test_gcc-6_-O2 141
eddieantonio-ocreval-3ab279a_wordacc_gcc-8_-O2 13
prog2_MT1E1-2.1_clang-9_-O2 144
prog2_3.e.3_clang-9_-O0 3
prog2_1.2_gcc-6_-O0 40
stcorp-coda-3a25f25_codadump_clang-9_-O0 53
charybdis_charybdis-mkfingerprint_clang-9_-O0 42
eddieantonio-ocreval-3ab279a_accuracy_gcc-6_-O0 15
stcorp-coda-3a25f25_TestEndianess.bin_clang-7_-O0 1
prog2_0.11.2_gcc-6_-O0 18
dvidelabs-flatcc-3b39ef7_emit_test_gcc-8_-O0 3
prog2_2.1_gcc-6_-O2 27
prog2_9_gcc-8_-O0 58
eddieantonio-ocreval-3ab279a_groupacc_clang-9_-O2 11
rootname_rootname_gcc-6_-O0 21
prog2_3.2_gcc-6_-O0 51
dvidelabs-flatcc-3b39ef7_reflection_test_clang-9_-O2 6
prog2_MT2E2-1_gcc-6_-O0 36
prog2_0.1_gcc-8_-O0 14
oor_oor_clang-9_-O2 98
pngquant_pngquant_clang-7_-O0 78
prog2_0.8_gcc-6_-O0 16
prog2_1.3_gcc-8_-O0 33
sgerbino-table-2fdd8d0_table_column_test_clang-7_-O2 19
dvidelabs-flatcc-3b39ef7_monster_test_solo_clang-9_-O2 18
prog2_8_gcc-8_-O2 15
eddieantonio-ocreval-3ab279a_wordaccsum_clang-9_-O0 10
Snaipe-Mimick-1dc4659_strdup_test_gcc-8_-O2 3
dvidelabs-flatcc-3b39ef7_monster_test_solo_gcc-8_-O2 20
dvidelabs-flatcc-3b39ef7_test_json_parser_gcc-6_-O0 9
stcorp-coda-3a25f25_codaeval_clang-9_-O0 117
prog2_0.9_gcc-8_-O0 12
charybdis_ssld_clang-9_-O2 88
sgerbino-table-2fdd8d0_table_version_test_gcc-6_-O2 9
dvidelabs-flatcc-3b39ef7_test_basic_parse_clang-9_-O0 4
stcorp-coda-3a25f25_codacheck_clang-7_-O2 84
dvidelabs-flatcc-3b39ef7_monster_test_concat_gcc-8_-O0 10
eddieantonio-ocreval-3ab279a_wordfreq_clang-9_-O2 17
eddieantonio-ocreval-3ab279a_editop_clang-7_-O2 71
eddieantonio-ocreval-3ab279a_synctext_clang-7_-O2 25
prog2_0.10_clang-7_-O2 33
charybdis_charybdis-mkfingerprint_gcc-6_-O2 38
LuaJIT-2.0.5_buildvm_clang-9_-O0 49
Snaipe-Mimick-1dc4659_mmk_test_clang-7_-O2 191
prog2_7.1_clang-7_-O0 37
prog2_5.1_gcc-8_-O2 102
charybdis_charybdis_clang-7_-O0 2
LuaJIT-2.0.5_minilua_clang-7_-O0 25
eddieantonio-ocreval-3ab279a_ngram_gcc-8_-O2 11
sgerbino-table-2fdd8d0_table_binary_search_test_clang-7_-O2 33
eddieantonio-ocreval-3ab279a_vote_clang-9_-O2 7
prog2_0.1_gcc-6_-O2 14
eddieantonio-ocreval-3ab279a_wordaccci_clang-9_-O2 10
prog2_0.9_clang-7_-O2 20
sgerbino-table-2fdd8d0_table_row_test_clang-9_-O0 14
prog2_6.Challenge_clang-9_-O0 16
mdnsd_mdnsd_gcc-8_-O2 164
prog2_2.2_clang-7_-O2 34
eddieantonio-ocreval-3ab279a_editopcost_clang-7_-O2 11
eddieantonio-ocreval-3ab279a_accci_clang-9_-O0 10
prog2_MT1E1-2.2_clang-9_-O2 12
eddieantonio-ocreval-3ab279a_nonstopacc_clang-9_-O0 13
eddieantonio-ocreval-3ab279a_wordfreq_gcc-8_-O0 9
prog2_9_gcc-6_-O2 52
oor_oor_clang-7_-O2 98
stcorp-coda-3a25f25_TestEndianess.bin_clang-9_-O2 1
prog2_MT1E1-2.1_clang-9_-O0 61
sgerbino-table-2fdd8d0_table_row_test_clang-9_-O2 13
charybdis_charybdis_clang-9_-O0 2
stcorp-coda-3a25f25_TestEndianess.bin_gcc-6_-O0 1
stcorp-coda-3a25f25_codadump_clang-9_-O2 328
tbeu-matio-3dd266d_matdump_clang-7_-O2 292
prog2_MT1E1-1.1_gcc-6_-O2 32
sgerbino-table-2fdd8d0_table_callback_test_gcc-8_-O2 29
maitesin-acc-4891b9a_acc_gcc-8_-O2 13
prog2_0.9_gcc-6_-O2 10
pngquant_pngquant_gcc-8_-O0 82
eddieantonio-ocreval-3ab279a_wordaccci_gcc-8_-O2 9
eddieantonio-ocreval-3ab279a_editopsum_gcc-6_-O0 9
tbeu-matio-3dd266d_test_mat_clang-9_-O2 1104
prog2_3.e.3_clang-7_-O0 3
charybdis_wsockd_gcc-8_-O2 59
dvidelabs-flatcc-3b39ef7_monster_test_clang-7_-O2 49
prog2_1.3_clang-9_-O0 34
sgerbino-table-2fdd8d0_table_validator_test_gcc-6_-O0 37
prog2_6.Challenge_gcc-8_-O2 20
dvidelabs-flatcc-3b39ef7_cgen_test_clang-9_-O0 21
ReadStat_readstat_gcc-6_-O0 52
prog2_0.8_gcc-8_-O0 9
dvidelabs-flatcc-3b39ef7_emit_test_clang-9_-O0 3
eddieantonio-ocreval-3ab279a_wordacc_clang-7_-O2 42
jclehner-nmrpflash-5fc77cc_nmrpflash_clang-7_-O2 21
dvidelabs-flatcc-3b39ef7_monster_test_solo_clang-7_-O0 8
dvidelabs-flatcc-3b39ef7_json_test_uq_off_clang-7_-O0 45
stcorp-coda-3a25f25_codadd_clang-9_-O0 193
dvidelabs-flatcc-3b39ef7_load_test_gcc-8_-O0 46
stcorp-coda-3a25f25_codacmp_clang-9_-O0 82
dvidelabs-flatcc-3b39ef7_monster_test_gcc-8_-O0 99
sgerbino-table-2fdd8d0_table_serialize_test_gcc-8_-O2 145
vis_vis_clang-7_-O2 123
jclehner-nmrpflash-5fc77cc_nmrpflash_gcc-6_-O2 48
eddieantonio-ocreval-3ab279a_ngram_clang-9_-O0 11
eddieantonio-ocreval-3ab279a_vote_clang-7_-O2 7
eddieantonio-ocreval-3ab279a_accci_gcc-6_-O0 9
dvidelabs-flatcc-3b39ef7_bfbs2json_clang-9_-O0 7
prog2_Extras_cores_clang-9_-O2 9
dvidelabs-flatcc-3b39ef7_flatcc_clang-9_-O2 71
dvidelabs-flatcc-3b39ef7_test_json_printer_gcc-8_-O2 8
prog2_2.2_gcc-6_-O2 31
prog2_9_gcc-6_-O0 58
prog2_0.11.2_clang-9_-O2 25
prog2_1.3_clang-7_-O2 27
prog2_1.1.3_gcc-6_-O0 24
prog2_1.5_clang-7_-O2 35
stcorp-coda-3a25f25_codafind_gcc-6_-O0 69
tbeu-matio-3dd266d_test_mat_clang-7_-O0 402
prog2_MT1E1-1.1_clang-7_-O2 40
sgerbino-table-2fdd8d0_table_version_test_gcc-8_-O2 9
prog2_0.6_gcc-6_-O2 25
prog2_3.1_clang-9_-O0 30
prog2_1.2_clang-7_-O2 59
sgerbino-table-2fdd8d0_table_serialize_test_gcc-6_-O0 117
prog2_1.5_gcc-8_-O0 34
maitesin-acc-4891b9a_grammar_tests_clang-7_-O2 57
mdnsd_mdnsd_clang-7_-O2 166
eddieantonio-ocreval-3ab279a_accdist_clang-9_-O0 8
sgerbino-table-2fdd8d0_table_version_test_clang-9_-O2 9
eddieantonio-ocreval-3ab279a_accsum_clang-7_-O0 10
prog2_0.3_clang-7_-O0 18
stcorp-coda-3a25f25_codadump_gcc-6_-O0 48
prog2_MT1E1-1.2_clang-9_-O0 17
dvidelabs-flatcc-3b39ef7_monster_test_prefix_clang-7_-O0 8
dvidelabs-flatcc-3b39ef7_test_json_printer_clang-7_-O2 7
dvidelabs-flatcc-3b39ef7_json_test_uql_gcc-6_-O0 78
dvidelabs-flatcc-3b39ef7_test_json_parser_gcc-8_-O2 7
prog2_7.1_gcc-8_-O0 34
prog2_3.2_gcc-8_-O0 51
eddieantonio-ocreval-3ab279a_wordaccdist_gcc-8_-O2 8
eddieantonio-ocreval-3ab279a_nonstopacc_gcc-8_-O0 13
stcorp-coda-3a25f25_codadump_clang-7_-O0 53
oor_oor_gcc-8_-O0 55
eddieantonio-ocreval-3ab279a_accci_gcc-8_-O0 9
dvidelabs-flatcc-3b39ef7_test_basic_parse_gcc-8_-O2 6
prog2_0.3_clang-9_-O2 36
prog2_MT2E1-1_clang-9_-O2 43
eddieantonio-ocreval-3ab279a_accdist_gcc-8_-O0 7
prog2_4_clang-9_-O2 13
eddieantonio-ocreval-3ab279a_ngram_clang-9_-O2 16
eddieantonio-ocreval-3ab279a_wordaccdist_clang-7_-O0 8
dvidelabs-flatcc-3b39ef7_emit_test_gcc-8_-O2 3
dvidelabs-flatcc-3b39ef7_monster_test_prefix_gcc-8_-O2 20
prog2_0.5_gcc-8_-O2 20
eddieantonio-ocreval-3ab279a_wordaccsum_clang-9_-O2 8
vis_vis-menu_gcc-8_-O0 42
charybdis_charybdis_gcc-8_-O2 1
prog2_1.4_clang-7_-O2 64
eddieantonio-ocreval-3ab279a_wordaccsum_clang-7_-O0 10
prog2_0.11.2_clang-9_-O0 19
prog2_0.10_gcc-6_-O0 9
prog2_6.Challenge_clang-9_-O2 30
prog2_0.7_clang-7_-O2 27
prog2_5.1_gcc-6_-O0 91
prog2_0.6_clang-7_-O0 25
prog2_0.8_clang-7_-O2 20
tbeu-matio-3dd266d_test_snprintf_gcc-6_-O0 67
eddieantonio-ocreval-3ab279a_synctext_clang-7_-O0 25
eddieantonio-ocreval-3ab279a_editopsum_clang-7_-O0 10
prog2_0.6_gcc-8_-O0 26
sgerbino-table-2fdd8d0_table_version_test_gcc-8_-O0 9
charybdis_wsockd_clang-9_-O2 49
eddieantonio-ocreval-3ab279a_vote_gcc-8_-O0 7
dvidelabs-flatcc-3b39ef7_monster_test_gcc-6_-O2 55
mdnsd_mquery_clang-7_-O0 62
charybdis_charybdis-mkpasswd_clang-7_-O0 82
eddieantonio-ocreval-3ab279a_editopcost_gcc-6_-O0 10
prog2_2.2_clang-7_-O0 37
stcorp-coda-3a25f25_codacmp_gcc-6_-O0 79
prog2_0.9_clang-9_-O0 8
prog2_10.1_clang-7_-O2 10
prog2_0.6_clang-7_-O2 26
eddieantonio-ocreval-3ab279a_accdist_gcc-8_-O2 8
eddieantonio-ocreval-3ab279a_nonstopacc_gcc-6_-O2 9
prog2_0.10_gcc-6_-O2 9
dvidelabs-flatcc-3b39ef7_reflection_test_clang-9_-O0 8
charybdis_authd_clang-9_-O2 13
stcorp-coda-3a25f25_codaeval_clang-9_-O2 85
prog2_0.11.2_gcc-8_-O0 18
prog2_0.5_gcc-6_-O2 20
ReadStat_extract_metadata_gcc-8_-O2 15
dvidelabs-flatcc-3b39ef7_test_json_parser_clang-7_-O2 7
dvidelabs-flatcc-3b39ef7_load_test_gcc-6_-O2 92
prog2_MT2E2-2_clang-7_-O2 44
prog2_9_clang-9_-O0 56
prog2_2.3.2_clang-9_-O0 24
prog2_2.1_gcc-8_-O0 27
eddieantonio-ocreval-3ab279a_nonstopacc_gcc-8_-O2 9
prog2_1.1.3_clang-7_-O0 27
prog2_0.7_clang-9_-O0 5
stcorp-coda-3a25f25_codafind_gcc-8_-O2 67
prog2_0.4_clang-7_-O2 24
eddieantonio-ocreval-3ab279a_nonstopacc_gcc-6_-O0 13
eddieantonio-ocreval-3ab279a_editop_gcc-8_-O0 17
sgerbino-table-2fdd8d0_table_callback_test_clang-9_-O2 27
prog2_5.1_gcc-8_-O0 91
charybdis_charybdis_gcc-6_-O2 1
tbeu-matio-3dd266d_test_snprintf_clang-7_-O2 58
prog2_MT2E1-2_clang-7_-O0 44
charybdis_authd_gcc-6_-O2 12
LuaJIT-2.0.5_minilua_gcc-8_-O0 25
sgerbino-table-2fdd8d0_table_column_test_clang-9_-O0 19
prog2_0.9_gcc-8_-O2 12
oor_oor_gcc-8_-O2 100
dvidelabs-flatcc-3b39ef7_monster_test_concat_clang-7_-O0 8
LuaJIT-2.0.5_buildvm_clang-7_-O2 272
eddieantonio-ocreval-3ab279a_accdist_clang-7_-O0 8
xmidt-org-trower-base64-20eecf3_simple_gcc-8_-O0 19
vis_vis-menu_clang-7_-O2 365
tbeu-matio-3dd266d_test_snprintf_gcc-8_-O0 67
dvidelabs-flatcc-3b39ef7_test_json_printer_clang-9_-O0 9
dvidelabs-flatcc-3b39ef7_json_test_uq_off_clang-7_-O2 45
prog2_1.4_gcc-6_-O2 68
prog2_8_clang-9_-O2 15
charybdis_charybdis-mkfingerprint_clang-7_-O0 42
prog2_4_gcc-6_-O0 13
prog2_1.1.3_clang-9_-O2 19
prog2_Extras_cores_clang-9_-O0 9
mdnsd_mquery_clang-9_-O0 68
maitesin-acc-4891b9a_grammar_tests_gcc-8_-O2 57
prog2_MT2E1-2_clang-9_-O2 43
prog2_Extras_cores_clang-7_-O0 9
mdnsd_mquery_gcc-8_-O2 81
prog2_1.2_gcc-6_-O2 35
prog2_0.4_gcc-6_-O2 25
charybdis_bantool_clang-7_-O0 94
prog2_2.3.2_gcc-6_-O2 26
prog2_6.Challenge_clang-7_-O0 17
prog2_3.1_gcc-6_-O2 33
oor_oor_clang-7_-O0 64
prog2_MT2E1-2_gcc-6_-O0 43
prog2_MT2E1-2_gcc-8_-O2 43
eddieantonio-ocreval-3ab279a_editopsum_gcc-8_-O0 9
prog2_10.1_clang-7_-O0 9
eddieantonio-ocreval-3ab279a_groupacc_clang-7_-O0 12
eddieantonio-ocreval-3ab279a_editop_gcc-6_-O0 17
sgerbino-table-2fdd8d0_table_memtest_clang-9_-O2 24
prog2_0.9_clang-9_-O2 20
prog2_MT1E1-1.2_clang-7_-O2 19
dvidelabs-flatcc-3b39ef7_reflection_test_gcc-6_-O2 6
charybdis_charybdis-mkpasswd_clang-9_-O0 81
prog2_0.2_gcc-6_-O2 23
stcorp-coda-3a25f25_codacheck_clang-9_-O2 83
stcorp-coda-3a25f25_TestEndianess.bin_gcc-8_-O0 1
ReadStat_readstat_clang-9_-O0 61
vis_vis-digraph_clang-9_-O0 57
sgerbino-table-2fdd8d0_table_binary_search_test_clang-9_-O0 33
eddieantonio-ocreval-3ab279a_vote_gcc-8_-O2 8
ReadStat_extract_metadata_clang-7_-O2 11
sgerbino-table-2fdd8d0_table_memtest_gcc-8_-O0 28
prog2_2.1_clang-7_-O2 40
prog2_1.3_clang-9_-O2 26
prog2_MT1E1-2.2_gcc-8_-O2 13
dvidelabs-flatcc-3b39ef7_reflection_test_gcc-6_-O0 8
charybdis_bandb_gcc-6_-O2 23
eddieantonio-ocreval-3ab279a_editop_gcc-6_-O2 15
maitesin-acc-4891b9a_acc_clang-9_-O2 12
charybdis_bantool_gcc-8_-O2 256
sgerbino-table-2fdd8d0_table_validator_test_clang-7_-O2 36
eddieantonio-ocreval-3ab279a_editop_gcc-8_-O2 15
prog2_0.9_clang-7_-O0 8
charybdis_charybdis-mkpasswd_clang-7_-O2 93
eddieantonio-ocreval-3ab279a_synctext_gcc-6_-O2 24
dvidelabs-flatcc-3b39ef7_cgen_test_clang-7_-O0 21
prog2_1.5_gcc-8_-O2 32
dvidelabs-flatcc-3b39ef7_monster_test_prefix_gcc-8_-O0 10
prog2_MT2E1-1_gcc-6_-O0 31
dvidelabs-flatcc-3b39ef7_test_json_printer_gcc-6_-O2 8
