prog2_MT2E1-2_gcc-8_-O0 41
oor_oor_gcc-6_-O2 100
prog2_2.3.2_gcc-8_-O0 24
sgerbino-table-2fdd8d0_table_serialize_test_clang-7_-O2 120
Snaipe-Mimick-1dc4659_mmk_test_clang-9_-O0 186
sgerbino-table-2fdd8d0_table_binary_search_test_clang-7_-O0 33
sgerbino-table-2fdd8d0_table_sort_test_gcc-6_-O0 88
pngquant_pngquant_clang-9_-O0 77
prog2_0.8_clang-9_-O2 20
dvidelabs-flatcc-3b39ef7_emit_test_gcc-6_-O2 3
dvidelabs-flatcc-3b39ef7_monster_gcc-6_-O0 23
prog2_0.3_clang-7_-O2 36
prog2_0.11.2_gcc-6_-O2 17
prog2_1.1.3_clang-7_-O2 12
LuaJIT-2.0.5_buildvm_gcc-8_-O0 60
charybdis_charybdis-mkfingerprint_clang-9_-O2 34
maitesin-acc-4891b9a_lexer_tests_clang-9_-O2 29
eddieantonio-ocreval-3ab279a_accsum_gcc-6_-O0 9
dvidelabs-flatcc-3b39ef7_test_json_parser_clang-9_-O0 9
prog2_MT1E1-1.1_clang-9_-O2 60
jclehner-nmrpflash-5fc77cc_nmrpflash_clang-9_-O0 60
prog2_7.1_gcc-8_-O2 30
prog2_2.2_clang-9_-O0 36
stcorp-coda-3a25f25_codaeval_gcc-8_-O0 114
sgerbino-table-2fdd8d0_table_callback_test_gcc-6_-O0 27
sgerbino-table-2fdd8d0_table_binary_search_test_gcc-6_-O2 33
prog2_0.3_clang-9_-O0 18
prog2_0.6_clang-9_-O2 24
prog2_0.7_gcc-8_-O0 5
eddieantonio-ocreval-3ab279a_wordaccci_clang-9_-O0 9
pngquant_pngquant_gcc-8_-O2 88
prog2_3.2_clang-9_-O2 104
eddieantonio-ocreval-3ab279a_wordfreq_gcc-8_-O2 9
prog2_4_gcc-8_-O0 13
eddieantonio-ocreval-3ab279a_accsum_clang-9_-O2 8
sgerbino-table-2fdd8d0_table_binary_search_test_gcc-6_-O0 33
dvidelabs-flatcc-3b39ef7_monster_test_solo_gcc-6_-O2 17
charybdis_authd_clang-7_-O0 13
dvidelabs-flatcc-3b39ef7_flatc_compat_gcc-8_-O2 69
Snaipe-Mimick-1dc4659_mmk_test_gcc-6_-O2 150
prog2_3.2_clang-9_-O0 54
prog2_MT2E2-2_gcc-8_-O0 41
prog2_MT2E2-1_gcc-8_-O2 31
prog2_1.4_clang-9_-O2 65
takev-yyast-2f13a16_yadump_clang-7_-O0 25
prog2_1.5_clang-9_-O0 42
takev-yyast-2f13a16_yadump_gcc-6_-O2 25
charybdis_charybdis-mkpasswd_clang-9_-O2 91
sgerbino-table-2fdd8d0_table_validator_test_gcc-6_-O2 35
LuaJIT-2.0.5_minilua_gcc-6_-O0 25
charybdis_bantool_clang-9_-O0 88
prog2_1.1.1_gcc-6_-O2 33
eddieantonio-ocreval-3ab279a_wordaccsum_clang-7_-O2 9
stcorp-coda-3a25f25_codadd_clang-7_-O0 196
prog2_2.1_clang-9_-O2 41
jclehner-nmrpflash-5fc77cc_nmrpflash_gcc-6_-O0 109
prog2_0.4_clang-9_-O0 22
dvidelabs-flatcc-3b39ef7_test_json_parser_clang-7_-O0 9
stcorp-coda-3a25f25_codafind_clang-9_-O2 57
eddieantonio-ocreval-3ab279a_ngram_gcc-6_-O2 10
maitesin-acc-4891b9a_acc_clang-9_-O0 15
prog2_Extras_cores_gcc-6_-O0 9
ReadStat_readstat_clang-7_-O2 149
prog2_4_gcc-8_-O2 13
dvidelabs-flatcc-3b39ef7_monster_test_concat_clang-9_-O2 17
prog2_MT1E1-2.2_clang-7_-O0 12
sgerbino-table-2fdd8d0_table_row_test_clang-7_-O2 13
eddieantonio-ocreval-3ab279a_ngram_gcc-8_-O0 10
prog2_Extras_cores_gcc-6_-O2 9
eddieantonio-ocreval-3ab279a_synctext_gcc-8_-O2 22
prog2_0.8_clang-7_-O0 10
prog2_0.10_gcc-8_-O2 7
prog2_MT2E1-2_clang-9_-O0 43
prog2_MT1E1-2.2_gcc-6_-O2 11
CoolerVoid-raptor_waf-5d2cf7c_Raptor_gcc-8_-O2 160
stcorp-coda-3a25f25_TestEndianess.bin_gcc-8_-O2 1
eddieantonio-ocreval-3ab279a_wordacc_gcc-6_-O0 14
CoolerVoid-raptor_waf-5d2cf7c_Raptor_gcc-8_-O0 175
prog2_2.2_gcc-8_-O0 31
prog2_0.5_clang-7_-O2 23
prog2_8_gcc-6_-O2 15
takev-yyast-2f13a16_yadump_gcc-8_-O2 25
stcorp-coda-3a25f25_codacheck_clang-9_-O0 100
charybdis_ssld_clang-7_-O2 70
prog2_1.2_clang-9_-O0 113
prog2_3.e.3_clang-7_-O2 3
eddieantonio-ocreval-3ab279a_wordacc_clang-7_-O0 14
prog2_3.e.3_gcc-6_-O2 3
prog2_0.9_gcc-6_-O0 8
prog2_0.5_clang-9_-O0 14
eddieantonio-ocreval-3ab279a_accci_gcc-6_-O2 7
maitesin-acc-4891b9a_lexer_tests_clang-7_-O0 30
prog2_8_gcc-6_-O0 15
dvidelabs-flatcc-3b39ef7_test_basic_parse_gcc-6_-O2 4
LuaJIT-2.0.5_buildvm_clang-9_-O2 259
prog2_3.1_gcc-8_-O2 29
Snaipe-Mimick-1dc4659_strdup_test_clang-9_-O0 3
eddieantonio-ocreval-3ab279a_synctext_clang-9_-O0 24
eddieantonio-ocreval-3ab279a_ngram_clang-7_-O2 16
prog2_5.1_clang-7_-O2 115
dvidelabs-flatcc-3b39ef7_json_test_uql_gcc-6_-O2 75
tbeu-matio-3dd266d_test_snprintf_gcc-8_-O2 61
dvidelabs-flatcc-3b39ef7_test_basic_parse_gcc-8_-O0 4
tbeu-matio-3dd266d_test_mat_gcc-8_-O0 402
prog2_0.10_clang-9_-O0 7
eddieantonio-ocreval-3ab279a_wordaccdist_gcc-6_-O0 8
prog2_0.7_gcc-6_-O0 5
prog2_1.2_gcc-8_-O0 42
prog2_0.7_clang-9_-O2 12
eddieantonio-ocreval-3ab279a_accsum_gcc-8_-O0 9
dvidelabs-flatcc-3b39ef7_monster_clang-9_-O0 26
tbeu-matio-3dd266d_matdump_gcc-6_-O0 119
sgerbino-table-2fdd8d0_table_column_test_gcc-6_-O2 18
stcorp-coda-3a25f25_TestEndianess.bin_clang-7_-O2 1
prog2_MT1E1-1.2_gcc-6_-O0 17
dvidelabs-flatcc-3b39ef7_flatc_compat_gcc-8_-O0 27
stcorp-coda-3a25f25_codafind_gcc-8_-O0 69
prog2_1.3_clang-7_-O0 34
rootname_rootname_gcc-8_-O0 19
charybdis_bantool_clang-9_-O2 340
prog2_1.4_clang-7_-O0 65
eddieantonio-ocreval-3ab279a_vote_gcc-6_-O2 8
prog2_1.1.3_gcc-8_-O2 18
dvidelabs-flatcc-3b39ef7_test_json_printer_clang-7_-O0 9
prog2_2.2_clang-9_-O2 33
vis_vis-digraph_gcc-8_-O2 51
prog2_1.1.1_clang-7_-O0 43
sgerbino-table-2fdd8d0_table_callback_test_clang-7_-O0 27
CoolerVoid-raptor_waf-5d2cf7c_Raptor_clang-7_-O0 152
prog2_0.5_clang-9_-O2 26
prog2_0.1_clang-7_-O2 12
prog2_7.1_clang-9_-O0 34
prog2_0.2_gcc-8_-O2 18
stcorp-coda-3a25f25_codafind_gcc-6_-O2 70
maitesin-acc-4891b9a_lexer_tests_clang-9_-O0 30
prog2_0.10_clang-9_-O2 20
prog2_MT1E1-1.1_gcc-8_-O0 32
dvidelabs-flatcc-3b39ef7_json_test_uql_clang-7_-O0 76
dvidelabs-flatcc-3b39ef7_flatcc_clang-7_-O2 60
dvidelabs-flatcc-3b39ef7_monster_test_concat_gcc-6_-O2 17
eddieantonio-ocreval-3ab279a_editopsum_clang-7_-O2 9
tbeu-matio-3dd266d_test_mat_clang-7_-O2 1226
charybdis_ssld_gcc-8_-O0 58
maitesin-acc-4891b9a_acc_gcc-6_-O2 12
prog2_1.1.1_gcc-8_-O0 34
prog2_MT1E1-1.1_gcc-6_-O0 32
prog2_3.e.3_gcc-6_-O0 3
dvidelabs-flatcc-3b39ef7_reflection_test_clang-7_-O0 8
pngquant_pngquant_clang-7_-O2 90
eddieantonio-ocreval-3ab279a_accdist_clang-7_-O2 8
Snaipe-Mimick-1dc4659_strdup_test_clang-9_-O2 3
tbeu-matio-3dd266d_test_snprintf_clang-7_-O0 72
stcorp-coda-3a25f25_codafind_clang-7_-O2 58
sgerbino-table-2fdd8d0_table_sort_test_clang-9_-O2 78
eddieantonio-ocreval-3ab279a_wordaccci_gcc-8_-O0 10
maitesin-acc-4891b9a_acc_clang-7_-O0 17
prog2_0.11.1_clang-9_-O0 10
vis_vis_gcc-6_-O0 132
prog2_MT1E1-2.1_gcc-8_-O2 52
rootname_rootname_gcc-6_-O2 30
prog2_3.1_clang-7_-O2 61
prog2_MT2E2-2_gcc-6_-O2 40
prog2_3.2_gcc-6_-O2 41
eddieantonio-ocreval-3ab279a_editopsum_gcc-6_-O2 9
prog2_0.2_clang-7_-O0 29
sgerbino-table-2fdd8d0_table_sort_test_clang-9_-O0 101
charybdis_ssld_gcc-6_-O2 60
eddieantonio-ocreval-3ab279a_nonstopacc_clang-7_-O2 12
prog2_1.2_clang-9_-O2 59
charybdis_authd_clang-7_-O2 13
eddieantonio-ocreval-3ab279a_wordaccdist_clang-7_-O2 8
prog2_10.1_clang-9_-O0 9
CoolerVoid-raptor_waf-5d2cf7c_Raptor_clang-9_-O2 93
dvidelabs-flatcc-3b39ef7_monster_test_concat_gcc-8_-O2 17
eddieantonio-ocreval-3ab279a_vote_gcc-6_-O0 8
charybdis_wsockd_clang-7_-O2 44
prog2_0.4_clang-9_-O2 25
prog2_MT2E2-1_clang-9_-O0 35
takev-yyast-2f13a16_yadump_clang-7_-O2 21
eddieantonio-ocreval-3ab279a_synctext_gcc-6_-O0 24
CoolerVoid-raptor_waf-5d2cf7c_Raptor_clang-7_-O2 94
prog2_1.1.1_gcc-8_-O2 32
prog2_3.e.3_clang-9_-O2 3
tbeu-matio-3dd266d_matdump_clang-9_-O0 79
Snaipe-Mimick-1dc4659_mmk_test_gcc-8_-O2 150
charybdis_ssld_gcc-6_-O0 58
sgerbino-table-2fdd8d0_table_version_test_clang-7_-O0 9
takev-yyast-2f13a16_yadump_clang-9_-O2 21
vis_vis-digraph_gcc-8_-O0 52
prog2_MT1E1-1.2_gcc-8_-O2 16
prog2_1.5_clang-9_-O2 20
eddieantonio-ocreval-3ab279a_wordfreq_clang-7_-O2 15
prog2_2.3.2_clang-9_-O2 37
jclehner-nmrpflash-5fc77cc_nmrpflash_clang-7_-O0 60
prog2_1.4_clang-9_-O0 65
charybdis_wsockd_clang-9_-O0 49
prog2_6.Challenge_clang-7_-O2 24
eddieantonio-ocreval-3ab279a_groupacc_clang-7_-O2 8
dvidelabs-flatcc-3b39ef7_load_test_gcc-6_-O0 44
dvidelabs-flatcc-3b39ef7_load_test_clang-7_-O2 83
prog2_0.11.1_gcc-6_-O2 10
stcorp-coda-3a25f25_codacheck_gcc-6_-O0 88
sgerbino-table-2fdd8d0_table_memtest_clang-7_-O0 27
sgerbino-table-2fdd8d0_table_callback_test_gcc-8_-O0 27
Snaipe-Mimick-1dc4659_strdup_test_clang-7_-O2 3
charybdis_ssld_clang-9_-O0 60
prog2_4_clang-7_-O2 13
prog2_0.11.1_clang-7_-O0 10
dvidelabs-flatcc-3b39ef7_reflection_test_gcc-8_-O2 4
eddieantonio-ocreval-3ab279a_wordaccsum_gcc-6_-O2 9
stcorp-coda-3a25f25_codafind_clang-7_-O0 71
sgerbino-table-2fdd8d0_table_sort_test_gcc-6_-O2 70
tbeu-matio-3dd266d_matdump_clang-9_-O2 283
stcorp-coda-3a25f25_codacmp_gcc-8_-O2 92
charybdis_ssld_clang-7_-O0 65
prog2_8_clang-7_-O2 15
dvidelabs-flatcc-3b39ef7_json_test_uql_gcc-8_-O0 79
dvidelabs-flatcc-3b39ef7_json_test_uql_clang-9_-O2 76
charybdis_bandb_gcc-8_-O2 24
prog2_5.1_clang-9_-O0 91
charybdis_charybdis-mkpasswd_gcc-6_-O2 183
tbeu-matio-3dd266d_test_snprintf_clang-9_-O0 72
dvidelabs-flatcc-3b39ef7_bfbs2json_gcc-6_-O0 7
prog2_MT2E2-2_gcc-8_-O2 41
prog2_2.3.2_clang-7_-O0 25
ReadStat_extract_metadata_gcc-6_-O0 12
eddieantonio-ocreval-3ab279a_synctext_clang-9_-O2 25
dvidelabs-flatcc-3b39ef7_emit_test_clang-9_-O2 7
prog2_1.3_gcc-6_-O2 26
eddieantonio-ocreval-3ab279a_ngram_clang-7_-O0 10
charybdis_charybdis-mkpasswd_gcc-8_-O2 182
mdnsd_mquery_gcc-6_-O2 67
prog2_0.6_gcc-8_-O2 20
eddieantonio-ocreval-3ab279a_accuracy_clang-7_-O2 11
sgerbino-table-2fdd8d0_table_binary_search_test_gcc-8_-O0 33
maitesin-acc-4891b9a_lexer_tests_gcc-6_-O0 30
sgerbino-table-2fdd8d0_table_version_test_clang-7_-O2 9
prog2_3.2_gcc-8_-O2 43
sgerbino-table-2fdd8d0_table_sort_test_gcc-8_-O2 72
Snaipe-Mimick-1dc4659_mmk_test_clang-7_-O0 186
eddieantonio-ocreval-3ab279a_wordaccci_clang-7_-O2 9
prog2_1.1.3_gcc-6_-O2 18
prog2_2.3.2_clang-7_-O2 37
dvidelabs-flatcc-3b39ef7_bfbs2json_gcc-8_-O0 7
stcorp-coda-3a25f25_codadump_clang-7_-O2 317
dvidelabs-flatcc-3b39ef7_monster_test_solo_gcc-8_-O0 8
CoolerVoid-raptor_waf-5d2cf7c_Raptor_clang-9_-O0 152
prog2_7.1_gcc-6_-O2 30
eddieantonio-ocreval-3ab279a_editopcost_gcc-8_-O0 10
Snaipe-Mimick-1dc4659_strdup_test_gcc-6_-O2 3
eddieantonio-ocreval-3ab279a_synctext_gcc-8_-O0 24
sgerbino-table-2fdd8d0_table_callback_test_clang-9_-O0 27
prog2_2.3.2_gcc-6_-O0 24
stcorp-coda-3a25f25_codacmp_clang-7_-O0 82
eddieantonio-ocreval-3ab279a_accci_clang-7_-O0 9
charybdis_wsockd_gcc-6_-O2 54
sgerbino-table-2fdd8d0_table_column_test_gcc-8_-O2 18
charybdis_charybdis-mkfingerprint_gcc-8_-O2 35
vis_vis-menu_clang-7_-O0 52
vis_vis-menu_clang-9_-O0 52
prog2_4_clang-9_-O0 13
sgerbino-table-2fdd8d0_table_memtest_clang-9_-O0 27
dvidelabs-flatcc-3b39ef7_bfbs2json_clang-7_-O2 6
prog2_0.11.1_gcc-8_-O0 10
prog2_3.1_clang-9_-O2 62
dvidelabs-flatcc-3b39ef7_monster_test_clang-7_-O0 97
dvidelabs-flatcc-3b39ef7_bfbs2json_gcc-6_-O2 6
eddieantonio-ocreval-3ab279a_wordacc_gcc-8_-O0 14
vis_vis-digraph_gcc-6_-O2 51
prog2_MT2E2-2_gcc-6_-O0 41
dvidelabs-flatcc-3b39ef7_bfbs2json_clang-7_-O0 7
prog2_10.1_gcc-6_-O0 8
LuaJIT-2.0.5_minilua_gcc-6_-O2 38
prog2_1.1.1_gcc-6_-O0 34
dvidelabs-flatcc-3b39ef7_test_json_parser_gcc-8_-O0 9
prog2_1.3_gcc-8_-O2 26
eddieantonio-ocreval-3ab279a_wordfreq_gcc-6_-O2 9
dvidelabs-flatcc-3b39ef7_test_json_parser_clang-9_-O2 7
prog2_0.7_gcc-8_-O2 5
prog2_MT2E1-1_clang-9_-O0 31
eddieantonio-ocreval-3ab279a_ngram_gcc-6_-O0 10
prog2_2.1_gcc-8_-O2 24
prog2_10.1_clang-9_-O2 10
oor_oor_clang-9_-O0 63
LuaJIT-2.0.5_buildvm_gcc-8_-O2 724
dvidelabs-flatcc-3b39ef7_load_test_clang-9_-O0 48
Snaipe-Mimick-1dc4659_mmk_test_gcc-6_-O0 150
eddieantonio-ocreval-3ab279a_wordaccdist_gcc-6_-O2 7
prog2_2.1_clang-7_-O0 26
dvidelabs-flatcc-3b39ef7_json_test_uql_clang-7_-O2 76
sgerbino-table-2fdd8d0_table_validator_test_clang-9_-O2 36
sgerbino-table-2fdd8d0_table_sort_test_clang-7_-O2 80
dvidelabs-flatcc-3b39ef7_monster_test_solo_clang-9_-O0 8
maitesin-acc-4891b9a_grammar_tests_clang-7_-O0 57
sgerbino-table-2fdd8d0_table_column_test_gcc-8_-O0 19
LuaJIT-2.0.5_buildvm_gcc-6_-O0 60
charybdis_authd_gcc-6_-O0 13
maitesin-acc-4891b9a_grammar_tests_gcc-6_-O2 57
eddieantonio-ocreval-3ab279a_editopcost_gcc-8_-O2 10
vis_vis-digraph_gcc-6_-O0 52
prog2_1.1.1_clang-9_-O0 43
prog2_MT1E1-2.1_gcc-6_-O0 58
prog2_1.3_gcc-6_-O0 31
dvidelabs-flatcc-3b39ef7_json_test_uq_off_gcc-6_-O2 45
prog2_MT2E2-1_gcc-8_-O0 34
prog2_0.11.1_gcc-6_-O0 10
dvidelabs-flatcc-3b39ef7_json_test_uq_off_gcc-6_-O0 48
prog2_8_clang-9_-O0 15
prog2_0.11.2_gcc-8_-O2 13
maitesin-acc-4891b9a_lexer_tests_clang-7_-O2 29
dvidelabs-flatcc-3b39ef7_monster_test_prefix_gcc-6_-O0 8
prog2_10.1_gcc-8_-O0 8
mdnsd_mdnsd_clang-9_-O0 122
eddieantonio-ocreval-3ab279a_editopcost_clang-9_-O0 10
dvidelabs-flatcc-3b39ef7_monster_gcc-8_-O0 23
dvidelabs-flatcc-3b39ef7_load_test_gcc-8_-O2 82
prog2_MT1E1-2.1_gcc-8_-O0 58
prog2_0.1_gcc-6_-O0 12
dvidelabs-flatcc-3b39ef7_monster_test_solo_clang-7_-O2 17
prog2_1.2_gcc-8_-O2 33
dvidelabs-flatcc-3b39ef7_cgen_test_clang-9_-O2 19
sgerbino-table-2fdd8d0_table_memtest_clang-7_-O2 23
sgerbino-table-2fdd8d0_table_validator_test_gcc-8_-O2 35
prog2_MT2E2-1_clang-9_-O2 41
prog2_2.3.2_gcc-8_-O2 24
prog2_3.1_clang-7_-O0 32
CoolerVoid-raptor_waf-5d2cf7c_Raptor_gcc-6_-O2 182
LuaJIT-2.0.5_minilua_clang-9_-O2 65
prog2_MT1E1-2.2_clang-9_-O0 12
Snaipe-Mimick-1dc4659_mmk_test_gcc-8_-O0 150
prog2_3.1_gcc-6_-O0 31
prog2_0.10_clang-7_-O0 7
prog2_0.2_gcc-6_-O0 24
charybdis_charybdis_clang-7_-O2 1
dvidelabs-flatcc-3b39ef7_test_basic_parse_clang-7_-O0 4
dvidelabs-flatcc-3b39ef7_reflection_test_clang-7_-O2 6
charybdis_wsockd_clang-7_-O0 54
prog2_0.5_clang-7_-O0 15
sgerbino-table-2fdd8d0_table_memtest_gcc-8_-O2 22
sgerbino-table-2fdd8d0_table_row_test_gcc-8_-O0 14
xmidt-org-trower-base64-20eecf3_simple_gcc-8_-O2 17
stcorp-coda-3a25f25_codadd_gcc-8_-O2 157
tbeu-matio-3dd266d_matdump_clang-7_-O0 80
dvidelabs-flatcc-3b39ef7_monster_clang-7_-O2 17
dvidelabs-flatcc-3b39ef7_flatc_compat_clang-9_-O0 27
dvidelabs-flatcc-3b39ef7_test_basic_parse_clang-7_-O2 4
dvidelabs-flatcc-3b39ef7_flatc_compat_clang-7_-O0 27
tbeu-matio-3dd266d_test_mat_clang-9_-O0 397
charybdis_charybdis-mkfingerprint_clang-7_-O2 34
prog2_1.1.1_clang-9_-O2 26
stcorp-coda-3a25f25_codacmp_gcc-6_-O2 87
sgerbino-table-2fdd8d0_table_column_test_clang-9_-O2 19
sgerbino-table-2fdd8d0_table_column_test_clang-7_-O0 19
prog2_1.5_gcc-6_-O2 19
prog2_7.1_clang-7_-O2 40
maitesin-acc-4891b9a_lexer_tests_gcc-8_-O2 30
charybdis_bandb_clang-9_-O2 18
prog2_9_clang-9_-O2 247
charybdis_charybdis_clang-9_-O2 1
charybdis_ssld_gcc-8_-O2 61
dvidelabs-flatcc-3b39ef7_flatcc_clang-7_-O0 84
prog2_2.2_gcc-6_-O0 31
tbeu-matio-3dd266d_matdump_gcc-6_-O2 200
eddieantonio-ocreval-3ab279a_wordaccsum_gcc-6_-O0 9
eddieantonio-ocreval-3ab279a_wordaccci_gcc-6_-O2 8
ReadStat_extract_metadata_clang-9_-O2 11
stcorp-coda-3a25f25_codadd_clang-7_-O2 140
eddieantonio-ocreval-3ab279a_groupacc_gcc-8_-O0 12
prog2_0.11.2_clang-7_-O2 24
stcorp-coda-3a25f25_codafind_clang-9_-O0 71
stcorp-coda-3a25f25_codaeval_clang-7_-O0 117
eddieantonio-ocreval-3ab279a_accsum_gcc-8_-O2 8
rootname_rootname_clang-7_-O0 20
prog2_6.Challenge_gcc-8_-O0 17
sgerbino-table-2fdd8d0_table_sort_test_gcc-8_-O0 85
dvidelabs-flatcc-3b39ef7_test_json_printer_clang-9_-O2 7
dvidelabs-flatcc-3b39ef7_cgen_test_gcc-6_-O2 19
prog2_2.1_clang-9_-O0 26
vis_vis-menu_clang-9_-O2 339
dvidelabs-flatcc-3b39ef7_test_basic_parse_clang-9_-O2 4
ReadStat_readstat_clang-9_-O2 149
prog2_0.1_clang-9_-O2 12
dvidelabs-flatcc-3b39ef7_monster_test_prefix_gcc-6_-O2 17
mdnsd_mdnsd_gcc-6_-O2 122
dvidelabs-flatcc-3b39ef7_flatcc_clang-9_-O0 83
dvidelabs-flatcc-3b39ef7_monster_gcc-8_-O2 23
sgerbino-table-2fdd8d0_table_validator_test_clang-7_-O0 35
charybdis_charybdis-mkpasswd_gcc-8_-O0 133
rootname_rootname_clang-9_-O2 32
charybdis_charybdis-mkfingerprint_gcc-6_-O0 37
eddieantonio-ocreval-3ab279a_wordaccsum_gcc-8_-O2 9
prog2_0.4_gcc-6_-O0 22
eddieantonio-ocreval-3ab279a_accuracy_gcc-6_-O2 11
ReadStat_readstat_gcc-8_-O0 52
eddieantonio-ocreval-3ab279a_accuracy_clang-7_-O0 15
ReadStat_readstat_gcc-6_-O2 147
prog2_0.8_clang-9_-O0 10
prog2_0.3_gcc-6_-O0 18
charybdis_charybdis_gcc-6_-O0 2
maitesin-acc-4891b9a_grammar_tests_clang-9_-O0 57
prog2_0.6_gcc-6_-O0 24
prog2_MT2E1-1_gcc-8_-O2 29
charybdis_bandb_gcc-8_-O0 10
prog2_3.e.3_gcc-8_-O2 3
eddieantonio-ocreval-3ab279a_groupacc_clang-9_-O0 11
stcorp-coda-3a25f25_codadd_gcc-8_-O0 179
prog2_0.2_clang-7_-O2 42
stcorp-coda-3a25f25_codadd_gcc-6_-O2 159
charybdis_bandb_gcc-6_-O0 10
dvidelabs-flatcc-3b39ef7_monster_test_solo_gcc-6_-O0 8
ReadStat_extract_metadata_gcc-8_-O0 12
eddieantonio-ocreval-3ab279a_wordacc_clang-9_-O0 14
prog2_MT1E1-2.2_gcc-6_-O0 11
dvidelabs-flatcc-3b39ef7_bfbs2json_clang-9_-O2 6
prog2_1.2_clang-7_-O0 113
prog2_5.1_clang-9_-O2 110
prog2_6.Challenge_gcc-6_-O0 17
LuaJIT-2.0.5_buildvm_clang-7_-O0 48
maitesin-acc-4891b9a_grammar_tests_gcc-8_-O0 57
sgerbino-table-2fdd8d0_table_validator_test_clang-9_-O0 35
prog2_MT1E1-2.1_clang-7_-O2 144
stcorp-coda-3a25f25_TestEndianess.bin_clang-9_-O0 1
dvidelabs-flatcc-3b39ef7_monster_test_concat_clang-9_-O0 8
vis_vis_clang-9_-O2 119
prog2_8_gcc-8_-O0 15
dvidelabs-flatcc-3b39ef7_json_test_uq_off_clang-9_-O2 45
sgerbino-table-2fdd8d0_table_callback_test_clang-7_-O2 27
prog2_0.7_gcc-6_-O2 5
vis_vis_clang-9_-O0 140
eddieantonio-ocreval-3ab279a_editop_clang-9_-O2 30
prog2_MT1E1-1.2_gcc-8_-O0 17
dvidelabs-flatcc-3b39ef7_monster_test_concat_clang-7_-O2 17
stcorp-coda-3a25f25_codacmp_clang-9_-O2 141
jclehner-nmrpflash-5fc77cc_nmrpflash_gcc-8_-O2 100
prog2_3.e.3_gcc-8_-O0 3
dvidelabs-flatcc-3b39ef7_monster_clang-9_-O2 17
dvidelabs-flatcc-3b39ef7_emit_test_gcc-6_-O0 3
tbeu-matio-3dd266d_matdump_gcc-8_-O0 119
eddieantonio-ocreval-3ab279a_vote_clang-7_-O0 7
sgerbino-table-2fdd8d0_table_memtest_gcc-6_-O0 26
prog2_MT1E1-1.1_clang-9_-O0 32
eddieantonio-ocreval-3ab279a_editopsum_clang-9_-O0 9
sgerbino-table-2fdd8d0_table_binary_search_test_clang-9_-O2 26
eddieantonio-ocreval-3ab279a_accdist_gcc-6_-O2 7
ReadStat_extract_metadata_clang-9_-O0 12
charybdis_authd_gcc-8_-O0 13
eddieantonio-ocreval-3ab279a_accdist_gcc-6_-O0 7
prog2_Extras_cores_gcc-8_-O2 9
sgerbino-table-2fdd8d0_table_validator_test_gcc-8_-O0 35
eddieantonio-ocreval-3ab279a_groupacc_gcc-6_-O0 12
eddieantonio-ocreval-3ab279a_wordacc_gcc-6_-O2 10
charybdis_authd_clang-9_-O0 13
prog2_MT2E2-2_clang-9_-O0 42
ReadStat_readstat_gcc-8_-O2 146
takev-yyast-2f13a16_yadump_gcc-6_-O0 25
prog2_MT2E1-1_clang-7_-O2 43
prog2_MT2E1-1_clang-7_-O0 31
prog2_9_gcc-8_-O2 51
prog2_MT2E2-2_clang-7_-O0 43
eddieantonio-ocreval-3ab279a_editopcost_clang-7_-O0 10
prog2_MT2E2-1_clang-7_-O0 35
dvidelabs-flatcc-3b39ef7_cgen_test_gcc-8_-O0 21
dvidelabs-flatcc-3b39ef7_json_test_uq_off_clang-9_-O0 45
tbeu-matio-3dd266d_test_mat_gcc-6_-O2 706
prog2_0.11.1_clang-7_-O2 16
sgerbino-table-2fdd8d0_table_version_test_gcc-6_-O0 9
prog2_MT2E2-2_clang-9_-O2 44
prog2_0.6_clang-9_-O0 24
stcorp-coda-3a25f25_codacmp_clang-7_-O2 142
prog2_0.8_gcc-8_-O2 10
vis_vis-digraph_clang-9_-O2 62
prog2_MT1E1-2.2_clang-7_-O2 12
eddieantonio-ocreval-3ab279a_wordaccdist_clang-9_-O0 7
prog2_MT1E1-1.1_gcc-8_-O2 32
sgerbino-table-2fdd8d0_table_callback_test_gcc-6_-O2 27
prog2_0.11.1_clang-9_-O2 17
dvidelabs-flatcc-3b39ef7_flatc_compat_gcc-6_-O0 27
prog2_9_clang-7_-O0 56
prog2_MT2E1-2_clang-7_-O2 42
prog2_2.1_gcc-6_-O0 25
rootname_rootname_clang-7_-O2 31
vis_vis-digraph_clang-7_-O2 63
maitesin-acc-4891b9a_acc_gcc-8_-O0 14
LuaJIT-2.0.5_minilua_gcc-8_-O2 38
prog2_9_clang-7_-O2 237
prog2_0.1_clang-7_-O0 12
prog2_0.7_clang-7_-O0 5
eddieantonio-ocreval-3ab279a_editopsum_clang-9_-O2 9
prog2_MT1E1-1.2_clang-9_-O2 19
eddieantonio-ocreval-3ab279a_wordfreq_clang-7_-O0 9
charybdis_bandb_clang-7_-O2 18
dvidelabs-flatcc-3b39ef7_flatcc_gcc-8_-O0 86
stcorp-coda-3a25f25_TestEndianess.bin_gcc-6_-O2 1
stcorp-coda-3a25f25_codaeval_clang-7_-O2 86
prog2_0.5_gcc-8_-O0 15
dvidelabs-flatcc-3b39ef7_monster_test_gcc-6_-O0 97
sgerbino-table-2fdd8d0_table_row_test_clang-7_-O0 14
prog2_0.2_clang-9_-O0 28
charybdis_wsockd_gcc-8_-O0 47
tbeu-matio-3dd266d_test_mat_gcc-6_-O0 402
sgerbino-table-2fdd8d0_table_row_test_gcc-6_-O0 15
mdnsd_mquery_clang-9_-O2 68
prog2_1.5_clang-7_-O0 44
dvidelabs-flatcc-3b39ef7_flatcc_gcc-6_-O0 86
oor_oor_gcc-6_-O0 55
stcorp-coda-3a25f25_codaeval_gcc-6_-O2 110
eddieantonio-ocreval-3ab279a_accsum_clang-7_-O2 8
dvidelabs-flatcc-3b39ef7_json_test_uq_off_gcc-8_-O0 48
sgerbino-table-2fdd8d0_table_serialize_test_clang-9_-O0 118
prog2_MT1E1-2.2_gcc-8_-O0 11
dvidelabs-flatcc-3b39ef7_flatcc_gcc-6_-O2 78
LuaJIT-2.0.5_minilua_clang-9_-O0 25
dvidelabs-flatcc-3b39ef7_monster_test_gcc-8_-O2 52
sgerbino-table-2fdd8d0_table_version_test_clang-9_-O0 9
sgerbino-table-2fdd8d0_table_sort_test_clang-7_-O0 103
takev-yyast-2f13a16_yadump_clang-9_-O0 25
charybdis_wsockd_gcc-6_-O0 47
prog2_MT1E1-2.1_clang-7_-O0 62
dvidelabs-flatcc-3b39ef7_monster_test_prefix_clang-7_-O2 17
eddieantonio-ocreval-3ab279a_accuracy_gcc-8_-O0 15
dvidelabs-flatcc-3b39ef7_test_json_printer_gcc-8_-O0 9
prog2_MT2E2-1_clang-7_-O2 41
charybdis_charybdis-mkpasswd_gcc-6_-O0 133
charybdis_bantool_gcc-6_-O2 270
eddieantonio-ocreval-3ab279a_wordaccci_gcc-6_-O0 10
prog2_MT1E1-1.1_clang-7_-O0 34
eddieantonio-ocreval-3ab279a_wordaccsum_gcc-8_-O0 9
eddieantonio-ocreval-3ab279a_editop_clang-9_-O0 17
maitesin-acc-4891b9a_grammar_tests_gcc-6_-O0 57
vis_vis-menu_gcc-6_-O0 42
prog2_6.Challenge_gcc-6_-O2 18
tbeu-matio-3dd266d_test_snprintf_clang-9_-O2 55
prog2_2.2_gcc-8_-O2 25
eddieantonio-ocreval-3ab279a_wordaccdist_clang-9_-O2 9
ReadStat_extract_metadata_gcc-6_-O2 11
dvidelabs-flatcc-3b39ef7_json_test_uq_off_gcc-8_-O2 45
prog2_0.8_gcc-6_-O2 10
maitesin-acc-4891b9a_lexer_tests_gcc-6_-O2 30
tbeu-matio-3dd266d_matdump_gcc-8_-O2 249
eddieantonio-ocreval-3ab279a_accci_clang-9_-O2 9
dvidelabs-flatcc-3b39ef7_monster_test_concat_gcc-6_-O0 8
prog2_1.4_gcc-8_-O0 64
vis_vis-menu_gcc-8_-O2 450
ReadStat_readstat_clang-7_-O0 61
tbeu-matio-3dd266d_test_mat_gcc-8_-O2 779
eddieantonio-ocreval-3ab279a_accci_gcc-8_-O2 8
prog2_5.1_gcc-6_-O2 101
stcorp-coda-3a25f25_codadump_gcc-8_-O0 48
maitesin-acc-4891b9a_acc_gcc-6_-O0 15
ReadStat_extract_metadata_clang-7_-O0 12
prog2_3.2_clang-7_-O0 56
sgerbino-table-2fdd8d0_table_memtest_gcc-6_-O2 21
prog2_0.2_clang-9_-O2 43
eddieantonio-ocreval-3ab279a_accsum_clang-9_-O0 9
dvidelabs-flatcc-3b39ef7_monster_test_clang-9_-O2 48
LuaJIT-2.0.5_minilua_clang-7_-O2 66
eddieantonio-ocreval-3ab279a_wordfreq_clang-9_-O0 9
takev-yyast-2f13a16_yadump_gcc-8_-O0 25
eddieantonio-ocreval-3ab279a_editop_clang-7_-O0 17
eddieantonio-ocreval-3ab279a_nonstopacc_clang-7_-O0 13
jclehner-nmrpflash-5fc77cc_nmrpflash_clang-9_-O2 45
tbeu-matio-3dd266d_test_snprintf_gcc-6_-O2 64
sgerbino-table-2fdd8d0_table_serialize_test_clang-7_-O0 118
maitesin-acc-4891b9a_acc_clang-7_-O2 12
sgerbino-table-2fdd8d0_table_row_test_gcc-8_-O2 12
dvidelabs-flatcc-3b39ef7_flatc_compat_clang-7_-O2 63
sgerbino-table-2fdd8d0_table_serialize_test_clang-9_-O2 120
dvidelabs-flatcc-3b39ef7_load_test_clang-7_-O0 50
LuaJIT-2.0.5_buildvm_gcc-6_-O2 720
dvidelabs-flatcc-3b39ef7_emit_test_clang-7_-O2 7
prog2_Extras_cores_gcc-8_-O0 9
dvidelabs-flatcc-3b39ef7_json_test_uql_gcc-8_-O2 75
eddieantonio-ocreval-3ab279a_nonstopacc_clang-9_-O2 8
xmidt-org-trower-base64-20eecf3_simple_gcc-6_-O2 17
rootname_rootname_clang-9_-O0 19
stcorp-coda-3a25f25_codacmp_gcc-8_-O0 79
prog2_0.4_gcc-8_-O2 23
prog2_10.1_gcc-6_-O2 8
vis_vis-menu_gcc-6_-O2 444
prog2_4_gcc-6_-O2 13
dvidelabs-flatcc-3b39ef7_monster_gcc-6_-O2 23
rootname_rootname_gcc-8_-O2 31
dvidelabs-flatcc-3b39ef7_bfbs2json_gcc-8_-O2 6
Snaipe-Mimick-1dc4659_strdup_test_gcc-6_-O0 3
eddieantonio-ocreval-3ab279a_editopcost_gcc-6_-O2 10
prog2_3.1_gcc-8_-O0 31
eddieantonio-ocreval-3ab279a_editopsum_gcc-8_-O2 9
eddieantonio-ocreval-3ab279a_accci_clang-7_-O2 11
prog2_MT1E1-1.2_gcc-6_-O2 16
prog2_0.3_gcc-8_-O0 18
charybdis_authd_gcc-8_-O2 12
vis_vis_gcc-6_-O2 118
dvidelabs-flatcc-3b39ef7_monster_test_prefix_clang-9_-O2 17
prog2_0.3_gcc-6_-O2 15
prog2_0.4_clang-7_-O0 23
Snaipe-Mimick-1dc4659_strdup_test_gcc-8_-O0 3
prog2_MT1E1-2.1_gcc-6_-O2 51
dvidelabs-flatcc-3b39ef7_emit_test_clang-7_-O0 3
pngquant_pngquant_gcc-6_-O0 79
prog2_5.1_clang-7_-O0 106
dvidelabs-flatcc-3b39ef7_monster_clang-7_-O0 26
stcorp-coda-3a25f25_codaeval_gcc-6_-O0 114
prog2_0.4_gcc-8_-O0 22
prog2_1.5_gcc-6_-O0 27
stcorp-coda-3a25f25_codacheck_gcc-6_-O2 97
dvidelabs-flatcc-3b39ef7_test_json_printer_gcc-6_-O0 9
eddieantonio-ocreval-3ab279a_vote_clang-9_-O0 7
prog2_0.10_gcc-8_-O0 7
prog2_1.1.1_clang-7_-O2 14
mdnsd_mdnsd_clang-7_-O0 170
sgerbino-table-2fdd8d0_table_binary_search_test_gcc-8_-O2 31
stcorp-coda-3a25f25_codadd_gcc-6_-O0 179
eddieantonio-ocreval-3ab279a_accuracy_gcc-8_-O2 12
prog2_1.1.3_gcc-8_-O0 22
eddieantonio-ocreval-3ab279a_groupacc_gcc-8_-O2 8
stcorp-coda-3a25f25_codadd_clang-9_-O2 141
eddieantonio-ocreval-3ab279a_wordfreq_gcc-6_-O0 10
prog2_MT2E1-1_gcc-6_-O2 29
maitesin-acc-4891b9a_grammar_tests_clang-9_-O2 70
dvidelabs-flatcc-3b39ef7_flatc_compat_clang-9_-O2 65
prog2_1.4_gcc-8_-O2 68
sgerbino-table-2fdd8d0_table_row_test_gcc-6_-O2 12
vis_vis_gcc-8_-O0 132
eddieantonio-ocreval-3ab279a_accuracy_clang-9_-O2 11
stcorp-coda-3a25f25_codadump_gcc-8_-O2 374
prog2_0.11.1_gcc-8_-O2 10
dvidelabs-flatcc-3b39ef7_json_test_uql_clang-9_-O0 76
prog2_MT1E1-1.2_clang-7_-O0 17
dvidelabs-flatcc-3b39ef7_monster_test_clang-9_-O0 97
prog2_0.1_gcc-8_-O2 12
CoolerVoid-raptor_waf-5d2cf7c_Raptor_gcc-6_-O0 175
charybdis_bandb_clang-9_-O0 10
eddieantonio-ocreval-3ab279a_wordaccci_clang-7_-O0 9
eddieantonio-ocreval-3ab279a_accsum_gcc-6_-O2 8
eddieantonio-ocreval-3ab279a_accdist_clang-9_-O2 8
stcorp-coda-3a25f25_codacheck_clang-7_-O0 102
prog2_3.2_clang-7_-O2 90
stcorp-coda-3a25f25_codacheck_gcc-8_-O0 88
maitesin-acc-4891b9a_lexer_tests_gcc-8_-O0 30
stcorp-coda-3a25f25_codaeval_gcc-8_-O2 113
dvidelabs-flatcc-3b39ef7_flatcc_gcc-8_-O2 79
Snaipe-Mimick-1dc4659_strdup_test_clang-7_-O0 3
stcorp-coda-3a25f25_codadump_gcc-6_-O2 391
pngquant_pngquant_clang-9_-O2 91
eddieantonio-ocreval-3ab279a_accuracy_clang-9_-O0 15
eddieantonio-ocreval-3ab279a_wordacc_clang-9_-O2 40
Snaipe-Mimick-1dc4659_mmk_test_clang-9_-O2 186
prog2_1.1.3_clang-9_-O0 27
dvidelabs-flatcc-3b39ef7_monster_test_prefix_clang-9_-O0 8
prog2_7.1_clang-9_-O2 40
prog2_0.11.2_clang-7_-O0 18
mdnsd_mquery_clang-7_-O2 73
eddieantonio-ocreval-3ab279a_groupacc_gcc-6_-O2 8
charybdis_bantool_clang-7_-O2 331
mdnsd_mdnsd_clang-9_-O2 151
dvidelabs-flatcc-3b39ef7_reflection_test_gcc-8_-O0 8
sgerbino-table-2fdd8d0_table_column_test_gcc-6_-O0 19
charybdis_charybdis_gcc-8_-O0 2
dvidelabs-flatcc-3b39ef7_load_test_clang-9_-O2 81
prog2_0.5_gcc-6_-O0 15
prog2_0.2_gcc-8_-O0 24
dvidelabs-flatcc-3b39ef7_test_basic_parse_gcc-6_-O0 4
prog2_4_clang-7_-O0 14
prog2_MT2E2-1_gcc-6_-O2 31
pngquant_pngquant_gcc-6_-O2 89
charybdis_bandb_clang-7_-O0 10
dvidelabs-flatcc-3b39ef7_test_json_parser_gcc-6_-O2 5
eddieantonio-ocreval-3ab279a_wordaccdist_gcc-8_-O0 8
charybdis_bantool_gcc-8_-O0 105
dvidelabs-flatcc-3b39ef7_cgen_test_clang-7_-O2 19
prog2_7.1_gcc-6_-O0 32
vis_vis-digraph_clang-7_-O0 57
xmidt-org-trower-base64-20eecf3_simple_gcc-6_-O0 17
prog2_10.1_gcc-8_-O2 8
prog2_0.1_clang-9_-O0 12
charybdis_bantool_gcc-6_-O0 105
dvidelabs-flatcc-3b39ef7_cgen_test_gcc-6_-O0 21
dvidelabs-flatcc-3b39ef7_flatc_compat_gcc-6_-O2 59
prog2_MT2E1-1_gcc-8_-O0 29
stcorp-coda-3a25f25_codacheck_gcc-8_-O2 95
prog2_Extras_cores_clang-7_-O2 9
prog2_0.3_gcc-8_-O2 15
eddieantonio-ocreval-3ab279a_editopcost_clang-9_-O2 10
prog2_1.4_gcc-6_-O0 64
vis_vis_clang-7_-O0 141
charybdis_charybdis-mkfingerprint_gcc-8_-O0 37
prog2_MT2E1-2_gcc-6_-O2 40
vis_vis_gcc-8_-O2 121
prog2_8_clang-7_-O0 16
sgerbino-table-2fdd8d0_table_serialize_test_gcc-8_-O0 139
jclehner-nmrpflash-5fc77cc_nmrpflash_gcc-8_-O0 109
dvidelabs-flatcc-3b39ef7_cgen_test_gcc-8_-O2 19
sgerbino-table-2fdd8d0_table_serialize_test_gcc-6_-O2 139
eddieantonio-ocreval-3ab279a_wordacc_gcc-8_-O2 10
prog2_MT1E1-2.1_clang-9_-O2 145
prog2_3.e.3_clang-9_-O0 3
prog2_1.2_gcc-6_-O0 42
stcorp-coda-3a25f25_codadump_clang-9_-O0 53
charybdis_charybdis-mkfingerprint_clang-9_-O0 42
eddieantonio-ocreval-3ab279a_accuracy_gcc-6_-O0 15
stcorp-coda-3a25f25_TestEndianess.bin_clang-7_-O0 1
prog2_0.11.2_gcc-6_-O0 16
dvidelabs-flatcc-3b39ef7_emit_test_gcc-8_-O0 3
prog2_2.1_gcc-6_-O2 22
prog2_9_gcc-8_-O0 56
eddieantonio-ocreval-3ab279a_groupacc_clang-9_-O2 9
rootname_rootname_gcc-6_-O0 19
prog2_3.2_gcc-6_-O0 49
dvidelabs-flatcc-3b39ef7_reflection_test_clang-9_-O2 6
prog2_MT2E2-1_gcc-6_-O0 34
prog2_0.1_gcc-8_-O0 12
oor_oor_clang-9_-O2 81
pngquant_pngquant_clang-7_-O0 78
prog2_0.8_gcc-6_-O0 10
prog2_1.3_gcc-8_-O0 31
sgerbino-table-2fdd8d0_table_column_test_clang-7_-O2 19
dvidelabs-flatcc-3b39ef7_monster_test_solo_clang-9_-O2 17
prog2_8_gcc-8_-O2 15
eddieantonio-ocreval-3ab279a_wordaccsum_clang-9_-O0 9
Snaipe-Mimick-1dc4659_strdup_test_gcc-8_-O2 3
dvidelabs-flatcc-3b39ef7_monster_test_solo_gcc-8_-O2 17
dvidelabs-flatcc-3b39ef7_test_json_parser_gcc-6_-O0 9
stcorp-coda-3a25f25_codaeval_clang-9_-O0 117
prog2_0.9_gcc-8_-O0 8
charybdis_ssld_clang-9_-O2 71
sgerbino-table-2fdd8d0_table_version_test_gcc-6_-O2 9
dvidelabs-flatcc-3b39ef7_test_basic_parse_clang-9_-O0 4
stcorp-coda-3a25f25_codacheck_clang-7_-O2 78
dvidelabs-flatcc-3b39ef7_monster_test_concat_gcc-8_-O0 8
eddieantonio-ocreval-3ab279a_wordfreq_clang-9_-O2 16
eddieantonio-ocreval-3ab279a_editop_clang-7_-O2 26
eddieantonio-ocreval-3ab279a_synctext_clang-7_-O2 24
prog2_0.10_clang-7_-O2 20
charybdis_charybdis-mkfingerprint_gcc-6_-O2 36
LuaJIT-2.0.5_buildvm_clang-9_-O0 48
Snaipe-Mimick-1dc4659_mmk_test_clang-7_-O2 186
prog2_7.1_clang-7_-O0 37
prog2_5.1_gcc-8_-O2 100
charybdis_charybdis_clang-7_-O0 2
LuaJIT-2.0.5_minilua_clang-7_-O0 25
eddieantonio-ocreval-3ab279a_ngram_gcc-8_-O2 11
sgerbino-table-2fdd8d0_table_binary_search_test_clang-7_-O2 26
eddieantonio-ocreval-3ab279a_vote_clang-9_-O2 7
prog2_0.1_gcc-6_-O2 12
eddieantonio-ocreval-3ab279a_wordaccci_clang-9_-O2 10
prog2_0.9_clang-7_-O2 20
sgerbino-table-2fdd8d0_table_row_test_clang-9_-O0 14
prog2_6.Challenge_clang-9_-O0 16
mdnsd_mdnsd_gcc-8_-O2 211
prog2_2.2_clang-7_-O2 25
eddieantonio-ocreval-3ab279a_editopcost_clang-7_-O2 11
eddieantonio-ocreval-3ab279a_accci_clang-9_-O0 9
prog2_MT1E1-2.2_clang-9_-O2 12
eddieantonio-ocreval-3ab279a_nonstopacc_clang-9_-O0 8
eddieantonio-ocreval-3ab279a_wordfreq_gcc-8_-O0 10
prog2_9_gcc-6_-O2 51
oor_oor_clang-7_-O2 81
stcorp-coda-3a25f25_TestEndianess.bin_clang-9_-O2 1
prog2_MT1E1-2.1_clang-9_-O0 60
sgerbino-table-2fdd8d0_table_row_test_clang-9_-O2 13
charybdis_charybdis_clang-9_-O0 2
stcorp-coda-3a25f25_TestEndianess.bin_gcc-6_-O0 1
stcorp-coda-3a25f25_codadump_clang-9_-O2 318
tbeu-matio-3dd266d_matdump_clang-7_-O2 244
prog2_MT1E1-1.1_gcc-6_-O2 32
sgerbino-table-2fdd8d0_table_callback_test_gcc-8_-O2 27
maitesin-acc-4891b9a_acc_gcc-8_-O2 13
prog2_0.9_gcc-6_-O2 8
pngquant_pngquant_gcc-8_-O0 79
eddieantonio-ocreval-3ab279a_wordaccci_gcc-8_-O2 8
eddieantonio-ocreval-3ab279a_editopsum_gcc-6_-O0 10
tbeu-matio-3dd266d_test_mat_clang-9_-O2 1222
prog2_3.e.3_clang-7_-O0 3
charybdis_wsockd_gcc-8_-O2 54
dvidelabs-flatcc-3b39ef7_monster_test_clang-7_-O2 48
prog2_1.3_clang-9_-O0 34
sgerbino-table-2fdd8d0_table_validator_test_gcc-6_-O0 35
prog2_6.Challenge_gcc-8_-O2 19
dvidelabs-flatcc-3b39ef7_cgen_test_clang-9_-O0 21
ReadStat_readstat_gcc-6_-O0 52
prog2_0.8_gcc-8_-O0 10
dvidelabs-flatcc-3b39ef7_emit_test_clang-9_-O0 3
eddieantonio-ocreval-3ab279a_wordacc_clang-7_-O2 33
jclehner-nmrpflash-5fc77cc_nmrpflash_clang-7_-O2 45
dvidelabs-flatcc-3b39ef7_monster_test_solo_clang-7_-O0 8
dvidelabs-flatcc-3b39ef7_json_test_uq_off_clang-7_-O0 45
stcorp-coda-3a25f25_codadd_clang-9_-O0 196
dvidelabs-flatcc-3b39ef7_load_test_gcc-8_-O0 44
dvidelabs-flatcc-3b39ef7_monster_test_gcc-8_-O0 97
sgerbino-table-2fdd8d0_table_serialize_test_gcc-8_-O2 139
vis_vis_clang-7_-O2 116
jclehner-nmrpflash-5fc77cc_nmrpflash_gcc-6_-O2 99
eddieantonio-ocreval-3ab279a_ngram_clang-9_-O0 10
eddieantonio-ocreval-3ab279a_vote_clang-7_-O2 7
eddieantonio-ocreval-3ab279a_accci_gcc-6_-O0 10
dvidelabs-flatcc-3b39ef7_bfbs2json_clang-9_-O0 7
prog2_Extras_cores_clang-9_-O2 9
dvidelabs-flatcc-3b39ef7_flatcc_clang-9_-O2 68
dvidelabs-flatcc-3b39ef7_test_json_printer_gcc-8_-O2 7
prog2_2.2_gcc-6_-O2 23
prog2_9_gcc-6_-O0 56
prog2_0.11.2_clang-9_-O2 24
prog2_1.3_clang-7_-O2 29
prog2_1.1.3_gcc-6_-O0 22
prog2_1.5_clang-7_-O2 32
stcorp-coda-3a25f25_codafind_gcc-6_-O0 69
tbeu-matio-3dd266d_test_mat_clang-7_-O0 402
prog2_MT1E1-1.1_clang-7_-O2 60
sgerbino-table-2fdd8d0_table_version_test_gcc-8_-O2 9
prog2_0.6_gcc-6_-O2 20
prog2_3.1_clang-9_-O0 30
prog2_1.2_clang-7_-O2 59
sgerbino-table-2fdd8d0_table_serialize_test_gcc-6_-O0 140
prog2_1.5_gcc-8_-O0 27
maitesin-acc-4891b9a_grammar_tests_clang-7_-O2 70
mdnsd_mdnsd_clang-7_-O2 214
eddieantonio-ocreval-3ab279a_accdist_clang-9_-O0 7
sgerbino-table-2fdd8d0_table_version_test_clang-9_-O2 9
eddieantonio-ocreval-3ab279a_accsum_clang-7_-O0 9
prog2_0.3_clang-7_-O0 18
stcorp-coda-3a25f25_codadump_gcc-6_-O0 48
prog2_MT1E1-1.2_clang-9_-O0 17
dvidelabs-flatcc-3b39ef7_monster_test_prefix_clang-7_-O0 8
dvidelabs-flatcc-3b39ef7_test_json_printer_clang-7_-O2 7
dvidelabs-flatcc-3b39ef7_json_test_uql_gcc-6_-O0 79
dvidelabs-flatcc-3b39ef7_test_json_parser_gcc-8_-O2 7
prog2_7.1_gcc-8_-O0 32
prog2_3.2_gcc-8_-O0 49
eddieantonio-ocreval-3ab279a_wordaccdist_gcc-8_-O2 7
eddieantonio-ocreval-3ab279a_nonstopacc_gcc-8_-O0 8
stcorp-coda-3a25f25_codadump_clang-7_-O0 53
oor_oor_gcc-8_-O0 55
eddieantonio-ocreval-3ab279a_accci_gcc-8_-O0 10
dvidelabs-flatcc-3b39ef7_test_basic_parse_gcc-8_-O2 4
prog2_0.3_clang-9_-O2 36
prog2_MT2E1-1_clang-9_-O2 43
eddieantonio-ocreval-3ab279a_accdist_gcc-8_-O0 8
prog2_4_clang-9_-O2 13
eddieantonio-ocreval-3ab279a_ngram_clang-9_-O2 16
eddieantonio-ocreval-3ab279a_wordaccdist_clang-7_-O0 7
dvidelabs-flatcc-3b39ef7_emit_test_gcc-8_-O2 3
dvidelabs-flatcc-3b39ef7_monster_test_prefix_gcc-8_-O2 17
prog2_0.5_gcc-8_-O2 13
eddieantonio-ocreval-3ab279a_wordaccsum_clang-9_-O2 8
vis_vis-menu_gcc-8_-O0 42
charybdis_charybdis_gcc-8_-O2 1
prog2_1.4_clang-7_-O2 64
eddieantonio-ocreval-3ab279a_wordaccsum_clang-7_-O0 9
prog2_0.11.2_clang-9_-O0 18
prog2_0.10_gcc-6_-O0 7
prog2_6.Challenge_clang-9_-O2 29
prog2_0.7_clang-7_-O2 12
prog2_5.1_gcc-6_-O0 92
prog2_0.6_clang-7_-O0 25
prog2_0.8_clang-7_-O2 20
tbeu-matio-3dd266d_test_snprintf_gcc-6_-O0 63
eddieantonio-ocreval-3ab279a_synctext_clang-7_-O0 24
eddieantonio-ocreval-3ab279a_editopsum_clang-7_-O0 9
prog2_0.6_gcc-8_-O0 24
sgerbino-table-2fdd8d0_table_version_test_gcc-8_-O0 9
charybdis_wsockd_clang-9_-O2 44
eddieantonio-ocreval-3ab279a_vote_gcc-8_-O0 8
dvidelabs-flatcc-3b39ef7_monster_test_gcc-6_-O2 52
mdnsd_mquery_clang-7_-O0 58
charybdis_charybdis-mkpasswd_clang-7_-O0 82
eddieantonio-ocreval-3ab279a_editopcost_gcc-6_-O0 10
prog2_2.2_clang-7_-O0 37
stcorp-coda-3a25f25_codacmp_gcc-6_-O0 79
prog2_0.9_clang-9_-O0 8
prog2_10.1_clang-7_-O2 10
prog2_0.6_clang-7_-O2 25
eddieantonio-ocreval-3ab279a_accdist_gcc-8_-O2 8
eddieantonio-ocreval-3ab279a_nonstopacc_gcc-6_-O2 8
prog2_0.10_gcc-6_-O2 7
dvidelabs-flatcc-3b39ef7_reflection_test_clang-9_-O0 8
charybdis_authd_clang-9_-O2 13
stcorp-coda-3a25f25_codaeval_clang-9_-O2 85
prog2_0.11.2_gcc-8_-O0 16
prog2_0.5_gcc-6_-O2 11
ReadStat_extract_metadata_gcc-8_-O2 10
dvidelabs-flatcc-3b39ef7_test_json_parser_clang-7_-O2 5
dvidelabs-flatcc-3b39ef7_load_test_gcc-6_-O2 85
prog2_MT2E2-2_clang-7_-O2 44
prog2_9_clang-9_-O0 56
prog2_2.3.2_clang-9_-O0 24
prog2_2.1_gcc-8_-O0 25
eddieantonio-ocreval-3ab279a_nonstopacc_gcc-8_-O2 8
prog2_1.1.3_clang-7_-O0 27
prog2_0.7_clang-9_-O0 5
stcorp-coda-3a25f25_codafind_gcc-8_-O2 73
prog2_0.4_clang-7_-O2 25
eddieantonio-ocreval-3ab279a_nonstopacc_gcc-6_-O0 8
eddieantonio-ocreval-3ab279a_editop_gcc-8_-O0 17
sgerbino-table-2fdd8d0_table_callback_test_clang-9_-O2 27
prog2_5.1_gcc-8_-O0 92
charybdis_charybdis_gcc-6_-O2 1
tbeu-matio-3dd266d_test_snprintf_clang-7_-O2 55
prog2_MT2E1-2_clang-7_-O0 44
charybdis_authd_gcc-6_-O2 12
LuaJIT-2.0.5_minilua_gcc-8_-O0 25
sgerbino-table-2fdd8d0_table_column_test_clang-9_-O0 19
prog2_0.9_gcc-8_-O2 8
oor_oor_gcc-8_-O2 96
dvidelabs-flatcc-3b39ef7_monster_test_concat_clang-7_-O0 8
LuaJIT-2.0.5_buildvm_clang-7_-O2 254
eddieantonio-ocreval-3ab279a_accdist_clang-7_-O0 8
xmidt-org-trower-base64-20eecf3_simple_gcc-8_-O0 17
vis_vis-menu_clang-7_-O2 340
tbeu-matio-3dd266d_test_snprintf_gcc-8_-O0 63
dvidelabs-flatcc-3b39ef7_test_json_printer_clang-9_-O0 9
dvidelabs-flatcc-3b39ef7_json_test_uq_off_clang-7_-O2 45
prog2_1.4_gcc-6_-O2 68
prog2_8_clang-9_-O2 15
charybdis_charybdis-mkfingerprint_clang-7_-O0 42
prog2_4_gcc-6_-O0 13
prog2_1.1.3_clang-9_-O2 17
prog2_Extras_cores_clang-9_-O0 9
mdnsd_mquery_clang-9_-O0 68
maitesin-acc-4891b9a_grammar_tests_gcc-8_-O2 57
prog2_MT2E1-2_clang-9_-O2 42
prog2_Extras_cores_clang-7_-O0 9
mdnsd_mquery_gcc-8_-O2 73
prog2_1.2_gcc-6_-O2 32
prog2_0.4_gcc-6_-O2 22
charybdis_bantool_clang-7_-O0 94
prog2_2.3.2_gcc-6_-O2 23
prog2_6.Challenge_clang-7_-O0 17
prog2_3.1_gcc-6_-O2 29
oor_oor_clang-7_-O0 64
prog2_MT2E1-2_gcc-6_-O0 41
prog2_MT2E1-2_gcc-8_-O2 40
eddieantonio-ocreval-3ab279a_editopsum_gcc-8_-O0 10
prog2_10.1_clang-7_-O0 9
eddieantonio-ocreval-3ab279a_groupacc_clang-7_-O0 11
eddieantonio-ocreval-3ab279a_editop_gcc-6_-O0 17
sgerbino-table-2fdd8d0_table_memtest_clang-9_-O2 24
prog2_0.9_clang-9_-O2 20
prog2_MT1E1-1.2_clang-7_-O2 19
dvidelabs-flatcc-3b39ef7_reflection_test_gcc-6_-O2 4
charybdis_charybdis-mkpasswd_clang-9_-O0 81
prog2_0.2_gcc-6_-O2 21
stcorp-coda-3a25f25_codacheck_clang-9_-O2 78
stcorp-coda-3a25f25_TestEndianess.bin_gcc-8_-O0 1
ReadStat_readstat_clang-9_-O0 61
vis_vis-digraph_clang-9_-O0 57
sgerbino-table-2fdd8d0_table_binary_search_test_clang-9_-O0 33
eddieantonio-ocreval-3ab279a_vote_gcc-8_-O2 8
ReadStat_extract_metadata_clang-7_-O2 11
sgerbino-table-2fdd8d0_table_memtest_gcc-8_-O0 26
prog2_2.1_clang-7_-O2 42
prog2_1.3_clang-9_-O2 28
prog2_MT1E1-2.2_gcc-8_-O2 11
dvidelabs-flatcc-3b39ef7_reflection_test_gcc-6_-O0 8
charybdis_bandb_gcc-6_-O2 24
eddieantonio-ocreval-3ab279a_editop_gcc-6_-O2 14
maitesin-acc-4891b9a_acc_clang-9_-O2 12
charybdis_bantool_gcc-8_-O2 284
sgerbino-table-2fdd8d0_table_validator_test_clang-7_-O2 36
eddieantonio-ocreval-3ab279a_editop_gcc-8_-O2 13
prog2_0.9_clang-7_-O0 8
charybdis_charybdis-mkpasswd_clang-7_-O2 91
eddieantonio-ocreval-3ab279a_synctext_gcc-6_-O2 22
dvidelabs-flatcc-3b39ef7_cgen_test_clang-7_-O0 21
prog2_1.5_gcc-8_-O2 19
dvidelabs-flatcc-3b39ef7_monster_test_prefix_gcc-8_-O0 8
prog2_MT2E1-1_gcc-6_-O0 29
dvidelabs-flatcc-3b39ef7_test_json_printer_gcc-6_-O2 7
