prog2_MT2E1-2_gcc-8_-O0 9
oor_oor_gcc-6_-O2 12
prog2_2.3.2_gcc-8_-O0 9
sgerbino-table-2fdd8d0_table_serialize_test_clang-7_-O2 14
Snaipe-Mimick-1dc4659_mmk_test_clang-9_-O0 11
sgerbino-table-2fdd8d0_table_binary_search_test_clang-7_-O0 9
sgerbino-table-2fdd8d0_table_sort_test_gcc-6_-O0 9
pngquant_pngquant_clang-9_-O0 7
prog2_0.8_clang-9_-O2 13
dvidelabs-flatcc-3b39ef7_emit_test_gcc-6_-O2 4
dvidelabs-flatcc-3b39ef7_monster_gcc-6_-O0 8
prog2_0.3_clang-7_-O2 12
prog2_0.11.2_gcc-6_-O2 13
prog2_1.1.3_clang-7_-O2 9
LuaJIT-2.0.5_buildvm_gcc-8_-O0 9
charybdis_charybdis-mkfingerprint_clang-9_-O2 12
maitesin-acc-4891b9a_lexer_tests_clang-9_-O2 7
eddieantonio-ocreval-3ab279a_accsum_gcc-6_-O0 11
dvidelabs-flatcc-3b39ef7_test_json_parser_clang-9_-O0 9
prog2_MT1E1-1.1_clang-9_-O2 13
jclehner-nmrpflash-5fc77cc_nmrpflash_clang-9_-O0 11
prog2_7.1_gcc-8_-O2 13
prog2_2.2_clang-9_-O0 8
LuaJIT-2.0.5_luajit_clang-9_-O0 7
stcorp-coda-3a25f25_codaeval_gcc-8_-O0 9
sgerbino-table-2fdd8d0_table_callback_test_gcc-6_-O0 8
sgerbino-table-2fdd8d0_table_binary_search_test_gcc-6_-O2 14
prog2_0.3_clang-9_-O0 8
prog2_0.6_clang-9_-O2 14
prog2_0.7_gcc-8_-O0 8
eddieantonio-ocreval-3ab279a_wordaccci_clang-9_-O0 11
pngquant_pngquant_gcc-8_-O2 13
prog2_3.2_clang-9_-O2 15
eddieantonio-ocreval-3ab279a_wordfreq_gcc-8_-O2 10
prog2_4_gcc-8_-O0 9
eddieantonio-ocreval-3ab279a_accsum_clang-9_-O2 13
sgerbino-table-2fdd8d0_table_binary_search_test_gcc-6_-O0 8
dvidelabs-flatcc-3b39ef7_monster_test_solo_gcc-6_-O2 9
charybdis_authd_clang-7_-O0 11
dvidelabs-flatcc-3b39ef7_flatc_compat_gcc-8_-O2 14
Snaipe-Mimick-1dc4659_mmk_test_gcc-6_-O2 9
prog2_3.2_clang-9_-O0 9
prog2_MT2E2-2_gcc-8_-O0 8
prog2_MT2E2-1_gcc-8_-O2 13
prog2_1.4_clang-9_-O2 14
takev-yyast-2f13a16_yadump_clang-7_-O0 9
prog2_1.5_clang-9_-O0 8
takev-yyast-2f13a16_yadump_gcc-6_-O2 11
charybdis_charybdis-mkpasswd_clang-9_-O2 14
sgerbino-table-2fdd8d0_table_validator_test_gcc-6_-O2 10
LuaJIT-2.0.5_minilua_gcc-6_-O0 8
charybdis_bantool_clang-9_-O0 11
prog2_1.1.1_gcc-6_-O2 15
eddieantonio-ocreval-3ab279a_wordaccsum_clang-7_-O2 13
stcorp-coda-3a25f25_codadd_clang-7_-O0 15
prog2_2.1_clang-9_-O2 12
jclehner-nmrpflash-5fc77cc_nmrpflash_gcc-6_-O0 10
prog2_0.4_clang-9_-O0 7
dvidelabs-flatcc-3b39ef7_test_json_parser_clang-7_-O0 9
stcorp-coda-3a25f25_codafind_clang-9_-O2 14
eddieantonio-ocreval-3ab279a_ngram_gcc-6_-O2 11
maitesin-acc-4891b9a_acc_clang-9_-O0 9
prog2_Extras_cores_gcc-6_-O0 6
ReadStat_readstat_clang-7_-O2 14
prog2_4_gcc-8_-O2 8
dvidelabs-flatcc-3b39ef7_monster_test_concat_clang-9_-O2 8
prog2_MT1E1-2.2_clang-7_-O0 9
sgerbino-table-2fdd8d0_table_row_test_clang-7_-O2 11
eddieantonio-ocreval-3ab279a_ngram_gcc-8_-O0 11
prog2_Extras_cores_gcc-6_-O2 4
eddieantonio-ocreval-3ab279a_synctext_gcc-8_-O2 14
prog2_0.8_clang-7_-O0 10
prog2_0.10_gcc-8_-O2 9
prog2_MT2E1-2_clang-9_-O0 8
prog2_MT1E1-2.2_gcc-6_-O2 12
CoolerVoid-raptor_waf-5d2cf7c_Raptor_gcc-8_-O2 15
stcorp-coda-3a25f25_TestEndianess.bin_gcc-8_-O2 6
eddieantonio-ocreval-3ab279a_wordacc_gcc-6_-O0 11
CoolerVoid-raptor_waf-5d2cf7c_Raptor_gcc-8_-O0 10
prog2_2.2_gcc-8_-O0 11
prog2_0.5_clang-7_-O2 15
prog2_8_gcc-6_-O2 7
takev-yyast-2f13a16_yadump_gcc-8_-O2 12
stcorp-coda-3a25f25_codacheck_clang-9_-O0 11
charybdis_ssld_clang-7_-O2 15
prog2_1.2_clang-9_-O0 11
prog2_3.e.3_clang-7_-O2 7
eddieantonio-ocreval-3ab279a_wordacc_clang-7_-O0 12
prog2_3.e.3_gcc-6_-O2 7
prog2_0.9_gcc-6_-O0 8
prog2_0.5_clang-9_-O0 7
eddieantonio-ocreval-3ab279a_accci_gcc-6_-O2 11
maitesin-acc-4891b9a_lexer_tests_clang-7_-O0 8
prog2_8_gcc-6_-O0 9
dvidelabs-flatcc-3b39ef7_test_basic_parse_gcc-6_-O2 9
LuaJIT-2.0.5_buildvm_clang-9_-O2 14
prog2_3.1_gcc-8_-O2 12
Snaipe-Mimick-1dc4659_strdup_test_clang-9_-O0 5
eddieantonio-ocreval-3ab279a_synctext_clang-9_-O0 11
eddieantonio-ocreval-3ab279a_ngram_clang-7_-O2 13
prog2_5.1_clang-7_-O2 12
dvidelabs-flatcc-3b39ef7_json_test_uql_gcc-6_-O2 15
tbeu-matio-3dd266d_test_snprintf_gcc-8_-O2 15
dvidelabs-flatcc-3b39ef7_test_basic_parse_gcc-8_-O0 9
tbeu-matio-3dd266d_test_mat_gcc-8_-O0 9
prog2_0.10_clang-9_-O0 10
eddieantonio-ocreval-3ab279a_wordaccdist_gcc-6_-O0 12
prog2_0.7_gcc-6_-O0 8
prog2_1.2_gcc-8_-O0 8
prog2_0.7_clang-9_-O2 14
eddieantonio-ocreval-3ab279a_accsum_gcc-8_-O0 12
dvidelabs-flatcc-3b39ef7_monster_clang-9_-O0 10
tbeu-matio-3dd266d_matdump_gcc-6_-O0 9
sgerbino-table-2fdd8d0_table_column_test_gcc-6_-O2 10
stcorp-coda-3a25f25_TestEndianess.bin_clang-7_-O2 5
prog2_MT1E1-1.2_gcc-6_-O0 8
dvidelabs-flatcc-3b39ef7_flatc_compat_gcc-8_-O0 9
stcorp-coda-3a25f25_codafind_gcc-8_-O0 9
prog2_1.3_clang-7_-O0 10
rootname_rootname_gcc-8_-O0 8
charybdis_bantool_clang-9_-O2 14
prog2_1.4_clang-7_-O0 7
eddieantonio-ocreval-3ab279a_vote_gcc-6_-O2 10
prog2_1.1.3_gcc-8_-O2 14
dvidelabs-flatcc-3b39ef7_test_json_printer_clang-7_-O0 9
prog2_2.2_clang-9_-O2 13
vis_vis-digraph_gcc-8_-O2 15
prog2_1.1.1_clang-7_-O0 13
sgerbino-table-2fdd8d0_table_callback_test_clang-7_-O0 8
CoolerVoid-raptor_waf-5d2cf7c_Raptor_clang-7_-O0 11
prog2_0.5_clang-9_-O2 15
prog2_0.1_clang-7_-O2 10
prog2_7.1_clang-9_-O0 9
prog2_0.2_gcc-8_-O2 12
stcorp-coda-3a25f25_codafind_gcc-6_-O2 14
maitesin-acc-4891b9a_lexer_tests_clang-9_-O0 8
prog2_0.10_clang-9_-O2 13
prog2_MT1E1-1.1_gcc-8_-O0 7
dvidelabs-flatcc-3b39ef7_json_test_uql_clang-7_-O0 9
dvidelabs-flatcc-3b39ef7_flatcc_clang-7_-O2 14
dvidelabs-flatcc-3b39ef7_monster_test_concat_gcc-6_-O2 9
eddieantonio-ocreval-3ab279a_editopsum_clang-7_-O2 15
tbeu-matio-3dd266d_test_mat_clang-7_-O2 15
charybdis_ssld_gcc-8_-O0 13
maitesin-acc-4891b9a_acc_gcc-6_-O2 13
prog2_1.1.1_gcc-8_-O0 8
prog2_MT1E1-1.1_gcc-6_-O0 7
prog2_3.e.3_gcc-6_-O0 8
LuaJIT-2.0.5_luajit_gcc-6_-O2 10
dvidelabs-flatcc-3b39ef7_reflection_test_clang-7_-O0 7
pngquant_pngquant_clang-7_-O2 12
eddieantonio-ocreval-3ab279a_accdist_clang-7_-O2 13
Snaipe-Mimick-1dc4659_strdup_test_clang-9_-O2 5
tbeu-matio-3dd266d_test_snprintf_clang-7_-O0 14
stcorp-coda-3a25f25_codafind_clang-7_-O2 14
sgerbino-table-2fdd8d0_table_sort_test_clang-9_-O2 14
eddieantonio-ocreval-3ab279a_wordaccci_gcc-8_-O0 9
maitesin-acc-4891b9a_acc_clang-7_-O0 9
prog2_0.11.1_clang-9_-O0 7
vis_vis_gcc-6_-O0 11
prog2_MT1E1-2.1_gcc-8_-O2 14
rootname_rootname_gcc-6_-O2 15
prog2_3.1_clang-7_-O2 12
prog2_MT2E2-2_gcc-6_-O2 13
prog2_3.2_gcc-6_-O2 15
eddieantonio-ocreval-3ab279a_editopsum_gcc-6_-O2 10
prog2_0.2_clang-7_-O0 7
sgerbino-table-2fdd8d0_table_sort_test_clang-9_-O0 11
charybdis_ssld_gcc-6_-O2 14
eddieantonio-ocreval-3ab279a_nonstopacc_clang-7_-O2 15
prog2_1.2_clang-9_-O2 15
charybdis_authd_clang-7_-O2 14
eddieantonio-ocreval-3ab279a_wordaccdist_clang-7_-O2 14
prog2_10.1_clang-9_-O0 11
CoolerVoid-raptor_waf-5d2cf7c_Raptor_clang-9_-O2 6
dvidelabs-flatcc-3b39ef7_monster_test_concat_gcc-8_-O2 9
eddieantonio-ocreval-3ab279a_vote_gcc-6_-O0 10
charybdis_wsockd_clang-7_-O2 13
prog2_0.4_clang-9_-O2 14
prog2_MT2E2-1_clang-9_-O0 11
takev-yyast-2f13a16_yadump_clang-7_-O2 12
eddieantonio-ocreval-3ab279a_synctext_gcc-6_-O0 11
CoolerVoid-raptor_waf-5d2cf7c_Raptor_clang-7_-O2 6
prog2_1.1.1_gcc-8_-O2 13
prog2_3.e.3_clang-9_-O2 7
tbeu-matio-3dd266d_matdump_clang-9_-O0 9
Snaipe-Mimick-1dc4659_mmk_test_gcc-8_-O2 9
charybdis_ssld_gcc-6_-O0 13
sgerbino-table-2fdd8d0_table_version_test_clang-7_-O0 7
takev-yyast-2f13a16_yadump_clang-9_-O2 12
vis_vis-digraph_gcc-8_-O0 9
prog2_MT1E1-1.2_gcc-8_-O2 9
prog2_1.5_clang-9_-O2 11
eddieantonio-ocreval-3ab279a_wordfreq_clang-7_-O2 15
prog2_2.3.2_clang-9_-O2 13
jclehner-nmrpflash-5fc77cc_nmrpflash_clang-7_-O0 11
prog2_1.4_clang-9_-O0 8
charybdis_wsockd_clang-9_-O0 15
prog2_6.Challenge_clang-7_-O2 13
eddieantonio-ocreval-3ab279a_groupacc_clang-7_-O2 13
dvidelabs-flatcc-3b39ef7_load_test_gcc-6_-O0 8
dvidelabs-flatcc-3b39ef7_load_test_clang-7_-O2 6
prog2_0.11.1_gcc-6_-O2 12
stcorp-coda-3a25f25_codacheck_gcc-6_-O0 9
sgerbino-table-2fdd8d0_table_memtest_clang-7_-O0 9
sgerbino-table-2fdd8d0_table_callback_test_gcc-8_-O0 8
Snaipe-Mimick-1dc4659_strdup_test_clang-7_-O2 5
charybdis_ssld_clang-9_-O0 12
prog2_4_clang-7_-O2 10
prog2_0.11.1_clang-7_-O0 7
dvidelabs-flatcc-3b39ef7_reflection_test_gcc-8_-O2 9
eddieantonio-ocreval-3ab279a_wordaccsum_gcc-6_-O2 10
stcorp-coda-3a25f25_codafind_clang-7_-O0 8
sgerbino-table-2fdd8d0_table_sort_test_gcc-6_-O2 15
tbeu-matio-3dd266d_matdump_clang-9_-O2 15
stcorp-coda-3a25f25_codacmp_gcc-8_-O2 15
charybdis_ssld_clang-7_-O0 13
prog2_8_clang-7_-O2 10
dvidelabs-flatcc-3b39ef7_json_test_uql_gcc-8_-O0 8
dvidelabs-flatcc-3b39ef7_json_test_uql_clang-9_-O2 13
charybdis_bandb_gcc-8_-O2 12
prog2_5.1_clang-9_-O0 7
charybdis_charybdis-mkpasswd_gcc-6_-O2 14
tbeu-matio-3dd266d_test_snprintf_clang-9_-O0 14
dvidelabs-flatcc-3b39ef7_bfbs2json_gcc-6_-O0 9
prog2_MT2E2-2_gcc-8_-O2 12
prog2_2.3.2_clang-7_-O0 7
ReadStat_extract_metadata_gcc-6_-O0 8
eddieantonio-ocreval-3ab279a_synctext_clang-9_-O2 15
dvidelabs-flatcc-3b39ef7_emit_test_clang-9_-O2 9
prog2_1.3_gcc-6_-O2 14
eddieantonio-ocreval-3ab279a_ngram_clang-7_-O0 12
charybdis_charybdis-mkpasswd_gcc-8_-O2 14
mdnsd_mquery_gcc-6_-O2 11
prog2_0.6_gcc-8_-O2 14
eddieantonio-ocreval-3ab279a_accuracy_clang-7_-O2 13
sgerbino-table-2fdd8d0_table_binary_search_test_gcc-8_-O0 8
maitesin-acc-4891b9a_lexer_tests_gcc-6_-O0 10
sgerbino-table-2fdd8d0_table_version_test_clang-7_-O2 6
prog2_3.2_gcc-8_-O2 15
sgerbino-table-2fdd8d0_table_sort_test_gcc-8_-O2 15
Snaipe-Mimick-1dc4659_mmk_test_clang-7_-O0 11
eddieantonio-ocreval-3ab279a_wordaccci_clang-7_-O2 15
prog2_1.1.3_gcc-6_-O2 15
prog2_2.3.2_clang-7_-O2 13
dvidelabs-flatcc-3b39ef7_bfbs2json_gcc-8_-O0 9
stcorp-coda-3a25f25_codadump_clang-7_-O2 14
dvidelabs-flatcc-3b39ef7_monster_test_solo_gcc-8_-O0 7
CoolerVoid-raptor_waf-5d2cf7c_Raptor_clang-9_-O0 11
prog2_7.1_gcc-6_-O2 13
eddieantonio-ocreval-3ab279a_editopcost_gcc-8_-O0 9
Snaipe-Mimick-1dc4659_strdup_test_gcc-6_-O2 6
eddieantonio-ocreval-3ab279a_synctext_gcc-8_-O0 11
sgerbino-table-2fdd8d0_table_callback_test_clang-9_-O0 8
prog2_2.3.2_gcc-6_-O0 9
stcorp-coda-3a25f25_codacmp_clang-7_-O0 8
eddieantonio-ocreval-3ab279a_accci_clang-7_-O0 11
charybdis_wsockd_gcc-6_-O2 14
sgerbino-table-2fdd8d0_table_column_test_gcc-8_-O2 10
charybdis_charybdis-mkfingerprint_gcc-8_-O2 12
vis_vis-menu_clang-7_-O0 7
vis_vis-menu_clang-9_-O0 7
prog2_4_clang-9_-O0 8
sgerbino-table-2fdd8d0_table_memtest_clang-9_-O0 9
dvidelabs-flatcc-3b39ef7_bfbs2json_clang-7_-O2 10
prog2_0.11.1_gcc-8_-O0 9
prog2_3.1_clang-9_-O2 12
dvidelabs-flatcc-3b39ef7_monster_test_clang-7_-O0 9
dvidelabs-flatcc-3b39ef7_bfbs2json_gcc-6_-O2 7
eddieantonio-ocreval-3ab279a_wordacc_gcc-8_-O0 12
vis_vis-digraph_gcc-6_-O2 15
prog2_MT2E2-2_gcc-6_-O0 8
dvidelabs-flatcc-3b39ef7_bfbs2json_clang-7_-O0 7
prog2_10.1_gcc-6_-O0 9
LuaJIT-2.0.5_minilua_gcc-6_-O2 14
prog2_1.1.1_gcc-6_-O0 9
dvidelabs-flatcc-3b39ef7_test_json_parser_gcc-8_-O0 9
prog2_1.3_gcc-8_-O2 14
eddieantonio-ocreval-3ab279a_wordfreq_gcc-6_-O2 11
dvidelabs-flatcc-3b39ef7_test_json_parser_clang-9_-O2 12
prog2_0.7_gcc-8_-O2 8
prog2_MT2E1-1_clang-9_-O0 10
eddieantonio-ocreval-3ab279a_ngram_gcc-6_-O0 10
prog2_2.1_gcc-8_-O2 14
prog2_10.1_clang-9_-O2 13
oor_oor_clang-9_-O0 8
LuaJIT-2.0.5_buildvm_gcc-8_-O2 15
dvidelabs-flatcc-3b39ef7_load_test_clang-9_-O0 10
Snaipe-Mimick-1dc4659_mmk_test_gcc-6_-O0 9
eddieantonio-ocreval-3ab279a_wordaccdist_gcc-6_-O2 12
prog2_2.1_clang-7_-O0 7
dvidelabs-flatcc-3b39ef7_json_test_uql_clang-7_-O2 13
sgerbino-table-2fdd8d0_table_validator_test_clang-9_-O2 11
sgerbino-table-2fdd8d0_table_sort_test_clang-7_-O2 14
dvidelabs-flatcc-3b39ef7_monster_test_solo_clang-9_-O0 9
maitesin-acc-4891b9a_grammar_tests_clang-7_-O0 8
sgerbino-table-2fdd8d0_table_column_test_gcc-8_-O0 8
LuaJIT-2.0.5_buildvm_gcc-6_-O0 9
charybdis_authd_gcc-6_-O0 10
maitesin-acc-4891b9a_grammar_tests_gcc-6_-O2 15
eddieantonio-ocreval-3ab279a_editopcost_gcc-8_-O2 9
vis_vis-digraph_gcc-6_-O0 9
prog2_1.1.1_clang-9_-O0 13
prog2_MT1E1-2.1_gcc-6_-O0 11
prog2_1.3_gcc-6_-O0 8
dvidelabs-flatcc-3b39ef7_json_test_uq_off_gcc-6_-O2 15
prog2_MT2E2-1_gcc-8_-O0 8
prog2_0.11.1_gcc-6_-O0 9
dvidelabs-flatcc-3b39ef7_json_test_uq_off_gcc-6_-O0 8
prog2_8_clang-9_-O0 8
prog2_0.11.2_gcc-8_-O2 14
maitesin-acc-4891b9a_lexer_tests_clang-7_-O2 7
dvidelabs-flatcc-3b39ef7_monster_test_prefix_gcc-6_-O0 8
prog2_10.1_gcc-8_-O0 9
mdnsd_mdnsd_clang-9_-O0 11
eddieantonio-ocreval-3ab279a_editopcost_clang-9_-O0 11
dvidelabs-flatcc-3b39ef7_monster_gcc-8_-O0 8
dvidelabs-flatcc-3b39ef7_load_test_gcc-8_-O2 14
prog2_MT1E1-2.1_gcc-8_-O0 11
prog2_0.1_gcc-6_-O0 8
dvidelabs-flatcc-3b39ef7_monster_test_solo_clang-7_-O2 8
LuaJIT-2.0.5_luajit_clang-9_-O2 10
prog2_1.2_gcc-8_-O2 15
dvidelabs-flatcc-3b39ef7_cgen_test_clang-9_-O2 12
sgerbino-table-2fdd8d0_table_memtest_clang-7_-O2 13
sgerbino-table-2fdd8d0_table_validator_test_gcc-8_-O2 10
prog2_MT2E2-1_clang-9_-O2 13
prog2_2.3.2_gcc-8_-O2 13
prog2_3.1_clang-7_-O0 7
CoolerVoid-raptor_waf-5d2cf7c_Raptor_gcc-6_-O2 15
LuaJIT-2.0.5_minilua_clang-9_-O2 14
prog2_MT1E1-2.2_clang-9_-O0 9
Snaipe-Mimick-1dc4659_mmk_test_gcc-8_-O0 9
prog2_3.1_gcc-6_-O0 8
prog2_0.10_clang-7_-O0 10
prog2_0.2_gcc-6_-O0 8
charybdis_charybdis_clang-7_-O2 0
dvidelabs-flatcc-3b39ef7_test_basic_parse_clang-7_-O0 10
dvidelabs-flatcc-3b39ef7_reflection_test_clang-7_-O2 8
charybdis_wsockd_clang-7_-O0 15
prog2_0.5_clang-7_-O0 7
sgerbino-table-2fdd8d0_table_memtest_gcc-8_-O2 13
sgerbino-table-2fdd8d0_table_row_test_gcc-8_-O0 8
xmidt-org-trower-base64-20eecf3_simple_gcc-8_-O2 13
stcorp-coda-3a25f25_codadd_gcc-8_-O2 15
tbeu-matio-3dd266d_matdump_clang-7_-O0 9
dvidelabs-flatcc-3b39ef7_monster_clang-7_-O2 6
dvidelabs-flatcc-3b39ef7_flatc_compat_clang-9_-O0 8
dvidelabs-flatcc-3b39ef7_test_basic_parse_clang-7_-O2 9
dvidelabs-flatcc-3b39ef7_flatc_compat_clang-7_-O0 8
tbeu-matio-3dd266d_test_mat_clang-9_-O0 9
charybdis_charybdis-mkfingerprint_clang-7_-O2 12
prog2_1.1.1_clang-9_-O2 14
stcorp-coda-3a25f25_codacmp_gcc-6_-O2 15
sgerbino-table-2fdd8d0_table_column_test_clang-9_-O2 11
sgerbino-table-2fdd8d0_table_column_test_clang-7_-O0 7
prog2_1.5_gcc-6_-O2 12
prog2_7.1_clang-7_-O2 13
maitesin-acc-4891b9a_lexer_tests_gcc-8_-O2 11
charybdis_bandb_clang-9_-O2 15
prog2_9_clang-9_-O2 14
charybdis_charybdis_clang-9_-O2 0
charybdis_ssld_gcc-8_-O2 15
dvidelabs-flatcc-3b39ef7_flatcc_clang-7_-O0 10
prog2_2.2_gcc-6_-O0 11
tbeu-matio-3dd266d_matdump_gcc-6_-O2 14
eddieantonio-ocreval-3ab279a_wordaccsum_gcc-6_-O0 11
eddieantonio-ocreval-3ab279a_wordaccci_gcc-6_-O2 10
ReadStat_extract_metadata_clang-9_-O2 12
stcorp-coda-3a25f25_codadd_clang-7_-O2 14
eddieantonio-ocreval-3ab279a_groupacc_gcc-8_-O0 11
prog2_0.11.2_clang-7_-O2 13
stcorp-coda-3a25f25_codafind_clang-9_-O0 9
stcorp-coda-3a25f25_codaeval_clang-7_-O0 9
eddieantonio-ocreval-3ab279a_accsum_gcc-8_-O2 11
rootname_rootname_clang-7_-O0 9
prog2_6.Challenge_gcc-8_-O0 8
sgerbino-table-2fdd8d0_table_sort_test_gcc-8_-O0 9
dvidelabs-flatcc-3b39ef7_test_json_printer_clang-9_-O2 12
dvidelabs-flatcc-3b39ef7_cgen_test_gcc-6_-O2 12
prog2_2.1_clang-9_-O0 7
vis_vis-menu_clang-9_-O2 14
LuaJIT-2.0.5_luajit_clang-7_-O2 10
dvidelabs-flatcc-3b39ef7_test_basic_parse_clang-9_-O2 9
ReadStat_readstat_clang-9_-O2 14
prog2_0.1_clang-9_-O2 10
dvidelabs-flatcc-3b39ef7_monster_test_prefix_gcc-6_-O2 9
mdnsd_mdnsd_gcc-6_-O2 11
dvidelabs-flatcc-3b39ef7_flatcc_clang-9_-O0 10
dvidelabs-flatcc-3b39ef7_monster_gcc-8_-O2 10
sgerbino-table-2fdd8d0_table_validator_test_clang-7_-O0 7
charybdis_charybdis-mkpasswd_gcc-8_-O0 9
rootname_rootname_clang-9_-O2 14
charybdis_charybdis-mkfingerprint_gcc-6_-O0 9
eddieantonio-ocreval-3ab279a_wordaccsum_gcc-8_-O2 13
prog2_0.4_gcc-6_-O0 8
eddieantonio-ocreval-3ab279a_accuracy_gcc-6_-O2 12
ReadStat_readstat_gcc-8_-O0 9
eddieantonio-ocreval-3ab279a_accuracy_clang-7_-O0 13
ReadStat_readstat_gcc-6_-O2 15
prog2_0.8_clang-9_-O0 11
prog2_0.3_gcc-6_-O0 8
charybdis_charybdis_gcc-6_-O0 7
maitesin-acc-4891b9a_grammar_tests_clang-9_-O0 8
prog2_0.6_gcc-6_-O0 9
prog2_MT2E1-1_gcc-8_-O2 13
charybdis_bandb_gcc-8_-O0 10
prog2_3.e.3_gcc-8_-O2 7
eddieantonio-ocreval-3ab279a_groupacc_clang-9_-O0 12
stcorp-coda-3a25f25_codadd_gcc-8_-O0 9
prog2_0.2_clang-7_-O2 12
stcorp-coda-3a25f25_codadd_gcc-6_-O2 15
charybdis_bandb_gcc-6_-O0 11
dvidelabs-flatcc-3b39ef7_monster_test_solo_gcc-6_-O0 7
LuaJIT-2.0.5_luajit_clang-7_-O0 7
ReadStat_extract_metadata_gcc-8_-O0 8
eddieantonio-ocreval-3ab279a_wordacc_clang-9_-O0 13
prog2_MT1E1-2.2_gcc-6_-O0 9
dvidelabs-flatcc-3b39ef7_bfbs2json_clang-9_-O2 10
prog2_1.2_clang-7_-O0 10
prog2_5.1_clang-9_-O2 13
prog2_6.Challenge_gcc-6_-O0 8
LuaJIT-2.0.5_buildvm_clang-7_-O0 8
maitesin-acc-4891b9a_grammar_tests_gcc-8_-O0 13
sgerbino-table-2fdd8d0_table_validator_test_clang-9_-O0 7
prog2_MT1E1-2.1_clang-7_-O2 14
stcorp-coda-3a25f25_TestEndianess.bin_clang-9_-O0 7
dvidelabs-flatcc-3b39ef7_monster_test_concat_clang-9_-O0 9
vis_vis_clang-9_-O2 14
prog2_8_gcc-8_-O0 9
dvidelabs-flatcc-3b39ef7_json_test_uq_off_clang-9_-O2 13
sgerbino-table-2fdd8d0_table_callback_test_clang-7_-O2 12
prog2_0.7_gcc-6_-O2 8
vis_vis_clang-9_-O0 11
eddieantonio-ocreval-3ab279a_editop_clang-9_-O2 14
prog2_MT1E1-1.2_gcc-8_-O0 8
dvidelabs-flatcc-3b39ef7_monster_test_concat_clang-7_-O2 8
stcorp-coda-3a25f25_codacmp_clang-9_-O2 14
jclehner-nmrpflash-5fc77cc_nmrpflash_gcc-8_-O2 14
prog2_3.e.3_gcc-8_-O0 8
dvidelabs-flatcc-3b39ef7_monster_clang-9_-O2 6
dvidelabs-flatcc-3b39ef7_emit_test_gcc-6_-O0 8
tbeu-matio-3dd266d_matdump_gcc-8_-O0 9
eddieantonio-ocreval-3ab279a_vote_clang-7_-O0 11
sgerbino-table-2fdd8d0_table_memtest_gcc-6_-O0 9
prog2_MT1E1-1.1_clang-9_-O0 7
eddieantonio-ocreval-3ab279a_editopsum_clang-9_-O0 12
sgerbino-table-2fdd8d0_table_binary_search_test_clang-9_-O2 14
eddieantonio-ocreval-3ab279a_accdist_gcc-6_-O2 10
ReadStat_extract_metadata_clang-9_-O0 8
charybdis_authd_gcc-8_-O0 10
eddieantonio-ocreval-3ab279a_accdist_gcc-6_-O0 12
prog2_Extras_cores_gcc-8_-O2 5
sgerbino-table-2fdd8d0_table_validator_test_gcc-8_-O0 8
eddieantonio-ocreval-3ab279a_groupacc_gcc-6_-O0 12
eddieantonio-ocreval-3ab279a_wordacc_gcc-6_-O2 12
charybdis_authd_clang-9_-O0 12
prog2_MT2E2-2_clang-9_-O0 8
ReadStat_readstat_gcc-8_-O2 15
takev-yyast-2f13a16_yadump_gcc-6_-O0 8
LuaJIT-2.0.5_luajit_gcc-8_-O2 12
prog2_MT2E1-1_clang-7_-O2 14
prog2_MT2E1-1_clang-7_-O0 10
prog2_9_gcc-8_-O2 14
prog2_MT2E2-2_clang-7_-O0 8
eddieantonio-ocreval-3ab279a_editopcost_clang-7_-O0 13
prog2_MT2E2-1_clang-7_-O0 10
dvidelabs-flatcc-3b39ef7_cgen_test_gcc-8_-O0 9
dvidelabs-flatcc-3b39ef7_json_test_uq_off_clang-9_-O0 9
tbeu-matio-3dd266d_test_mat_gcc-6_-O2 15
prog2_0.11.1_clang-7_-O2 14
sgerbino-table-2fdd8d0_table_version_test_gcc-6_-O0 7
prog2_MT2E2-2_clang-9_-O2 13
prog2_0.6_clang-9_-O0 8
stcorp-coda-3a25f25_codacmp_clang-7_-O2 14
prog2_0.8_gcc-8_-O2 12
vis_vis-digraph_clang-9_-O2 14
prog2_MT1E1-2.2_clang-7_-O2 14
eddieantonio-ocreval-3ab279a_wordaccdist_clang-9_-O0 11
prog2_MT1E1-1.1_gcc-8_-O2 12
sgerbino-table-2fdd8d0_table_callback_test_gcc-6_-O2 11
prog2_0.11.1_clang-9_-O2 14
dvidelabs-flatcc-3b39ef7_flatc_compat_gcc-6_-O0 9
prog2_9_clang-7_-O0 8
prog2_MT2E1-2_clang-7_-O2 14
prog2_2.1_gcc-6_-O0 8
rootname_rootname_clang-7_-O2 14
vis_vis-digraph_clang-7_-O2 14
maitesin-acc-4891b9a_acc_gcc-8_-O0 12
LuaJIT-2.0.5_minilua_gcc-8_-O2 13
prog2_9_clang-7_-O2 14
prog2_0.1_clang-7_-O0 8
prog2_0.7_clang-7_-O0 10
eddieantonio-ocreval-3ab279a_editopsum_clang-9_-O2 15
prog2_MT1E1-1.2_clang-9_-O2 14
eddieantonio-ocreval-3ab279a_wordfreq_clang-7_-O0 11
charybdis_bandb_clang-7_-O2 15
dvidelabs-flatcc-3b39ef7_flatcc_gcc-8_-O0 9
stcorp-coda-3a25f25_TestEndianess.bin_gcc-6_-O2 7
stcorp-coda-3a25f25_codaeval_clang-7_-O2 14
prog2_0.5_gcc-8_-O0 8
dvidelabs-flatcc-3b39ef7_monster_test_gcc-6_-O0 7
sgerbino-table-2fdd8d0_table_row_test_clang-7_-O0 8
prog2_0.2_clang-9_-O0 7
charybdis_wsockd_gcc-8_-O0 12
tbeu-matio-3dd266d_test_mat_gcc-6_-O0 9
sgerbino-table-2fdd8d0_table_row_test_gcc-6_-O0 8
mdnsd_mquery_clang-9_-O2 14
prog2_1.5_clang-7_-O0 8
dvidelabs-flatcc-3b39ef7_flatcc_gcc-6_-O0 9
oor_oor_gcc-6_-O0 11
stcorp-coda-3a25f25_codaeval_gcc-6_-O2 14
eddieantonio-ocreval-3ab279a_accsum_clang-7_-O2 13
dvidelabs-flatcc-3b39ef7_json_test_uq_off_gcc-8_-O0 8
sgerbino-table-2fdd8d0_table_serialize_test_clang-9_-O0 11
prog2_MT1E1-2.2_gcc-8_-O0 9
LuaJIT-2.0.5_luajit_gcc-8_-O0 7
dvidelabs-flatcc-3b39ef7_flatcc_gcc-6_-O2 13
LuaJIT-2.0.5_minilua_clang-9_-O0 8
dvidelabs-flatcc-3b39ef7_monster_test_gcc-8_-O2 6
sgerbino-table-2fdd8d0_table_version_test_clang-9_-O0 7
sgerbino-table-2fdd8d0_table_sort_test_clang-7_-O0 11
takev-yyast-2f13a16_yadump_clang-9_-O0 9
charybdis_wsockd_gcc-6_-O0 12
prog2_MT1E1-2.1_clang-7_-O0 9
dvidelabs-flatcc-3b39ef7_monster_test_prefix_clang-7_-O2 8
eddieantonio-ocreval-3ab279a_accuracy_gcc-8_-O0 13
dvidelabs-flatcc-3b39ef7_test_json_printer_gcc-8_-O0 9
prog2_MT2E2-1_clang-7_-O2 13
charybdis_charybdis-mkpasswd_gcc-6_-O0 9
charybdis_bantool_gcc-6_-O2 15
eddieantonio-ocreval-3ab279a_wordaccci_gcc-6_-O0 10
prog2_MT1E1-1.1_clang-7_-O0 7
eddieantonio-ocreval-3ab279a_wordaccsum_gcc-8_-O0 10
eddieantonio-ocreval-3ab279a_editop_clang-9_-O0 12
maitesin-acc-4891b9a_grammar_tests_gcc-6_-O0 10
LuaJIT-2.0.5_luajit_gcc-6_-O0 7
vis_vis-menu_gcc-6_-O0 9
prog2_6.Challenge_gcc-6_-O2 14
tbeu-matio-3dd266d_test_snprintf_clang-9_-O2 14
prog2_2.2_gcc-8_-O2 14
eddieantonio-ocreval-3ab279a_wordaccdist_clang-9_-O2 14
ReadStat_extract_metadata_gcc-6_-O2 10
dvidelabs-flatcc-3b39ef7_json_test_uq_off_gcc-8_-O2 14
prog2_0.8_gcc-6_-O2 12
maitesin-acc-4891b9a_lexer_tests_gcc-6_-O2 11
tbeu-matio-3dd266d_matdump_gcc-8_-O2 15
eddieantonio-ocreval-3ab279a_accci_clang-9_-O2 13
dvidelabs-flatcc-3b39ef7_monster_test_concat_gcc-6_-O0 7
prog2_1.4_gcc-8_-O0 9
vis_vis-menu_gcc-8_-O2 15
ReadStat_readstat_clang-7_-O0 9
tbeu-matio-3dd266d_test_mat_gcc-8_-O2 15
eddieantonio-ocreval-3ab279a_accci_gcc-8_-O2 10
prog2_5.1_gcc-6_-O2 13
stcorp-coda-3a25f25_codadump_gcc-8_-O0 9
maitesin-acc-4891b9a_acc_gcc-6_-O0 10
ReadStat_extract_metadata_clang-7_-O0 8
prog2_3.2_clang-7_-O0 9
sgerbino-table-2fdd8d0_table_memtest_gcc-6_-O2 14
prog2_0.2_clang-9_-O2 12
eddieantonio-ocreval-3ab279a_accsum_clang-9_-O0 13
dvidelabs-flatcc-3b39ef7_monster_test_clang-9_-O2 6
LuaJIT-2.0.5_minilua_clang-7_-O2 14
eddieantonio-ocreval-3ab279a_wordfreq_clang-9_-O0 12
takev-yyast-2f13a16_yadump_gcc-8_-O0 8
eddieantonio-ocreval-3ab279a_editop_clang-7_-O0 14
eddieantonio-ocreval-3ab279a_nonstopacc_clang-7_-O0 10
jclehner-nmrpflash-5fc77cc_nmrpflash_clang-9_-O2 13
tbeu-matio-3dd266d_test_snprintf_gcc-6_-O2 15
sgerbino-table-2fdd8d0_table_serialize_test_clang-7_-O0 10
maitesin-acc-4891b9a_acc_clang-7_-O2 13
sgerbino-table-2fdd8d0_table_row_test_gcc-8_-O2 10
dvidelabs-flatcc-3b39ef7_flatc_compat_clang-7_-O2 14
sgerbino-table-2fdd8d0_table_serialize_test_clang-9_-O2 14
dvidelabs-flatcc-3b39ef7_load_test_clang-7_-O0 10
LuaJIT-2.0.5_buildvm_gcc-6_-O2 15
dvidelabs-flatcc-3b39ef7_emit_test_clang-7_-O2 9
prog2_Extras_cores_gcc-8_-O0 6
dvidelabs-flatcc-3b39ef7_json_test_uql_gcc-8_-O2 15
eddieantonio-ocreval-3ab279a_nonstopacc_clang-9_-O2 15
xmidt-org-trower-base64-20eecf3_simple_gcc-6_-O2 8
rootname_rootname_clang-9_-O0 9
stcorp-coda-3a25f25_codacmp_gcc-8_-O0 9
prog2_0.4_gcc-8_-O2 11
prog2_10.1_gcc-6_-O2 12
vis_vis-menu_gcc-6_-O2 15
prog2_4_gcc-6_-O2 7
dvidelabs-flatcc-3b39ef7_monster_gcc-6_-O2 10
rootname_rootname_gcc-8_-O2 15
dvidelabs-flatcc-3b39ef7_bfbs2json_gcc-8_-O2 9
Snaipe-Mimick-1dc4659_strdup_test_gcc-6_-O0 6
eddieantonio-ocreval-3ab279a_editopcost_gcc-6_-O2 10
prog2_3.1_gcc-8_-O0 8
eddieantonio-ocreval-3ab279a_editopsum_gcc-8_-O2 12
eddieantonio-ocreval-3ab279a_accci_clang-7_-O2 14
prog2_MT1E1-1.2_gcc-6_-O2 9
prog2_0.3_gcc-8_-O0 8
charybdis_authd_gcc-8_-O2 10
vis_vis_gcc-6_-O2 15
dvidelabs-flatcc-3b39ef7_monster_test_prefix_clang-9_-O2 8
prog2_0.3_gcc-6_-O2 12
prog2_0.4_clang-7_-O0 7
Snaipe-Mimick-1dc4659_strdup_test_gcc-8_-O0 6
prog2_MT1E1-2.1_gcc-6_-O2 14
dvidelabs-flatcc-3b39ef7_emit_test_clang-7_-O0 7
pngquant_pngquant_gcc-6_-O0 9
prog2_5.1_clang-7_-O0 6
dvidelabs-flatcc-3b39ef7_monster_clang-7_-O0 10
stcorp-coda-3a25f25_codaeval_gcc-6_-O0 9
prog2_0.4_gcc-8_-O0 8
prog2_1.5_gcc-6_-O0 8
stcorp-coda-3a25f25_codacheck_gcc-6_-O2 15
dvidelabs-flatcc-3b39ef7_test_json_printer_gcc-6_-O0 9
eddieantonio-ocreval-3ab279a_vote_clang-9_-O0 12
prog2_0.10_gcc-8_-O0 8
prog2_1.1.1_clang-7_-O2 14
mdnsd_mdnsd_clang-7_-O0 10
sgerbino-table-2fdd8d0_table_binary_search_test_gcc-8_-O2 12
stcorp-coda-3a25f25_codadd_gcc-6_-O0 9
eddieantonio-ocreval-3ab279a_accuracy_gcc-8_-O2 14
prog2_1.1.3_gcc-8_-O0 8
eddieantonio-ocreval-3ab279a_groupacc_gcc-8_-O2 10
stcorp-coda-3a25f25_codadd_clang-9_-O2 14
eddieantonio-ocreval-3ab279a_wordfreq_gcc-6_-O0 9
prog2_MT2E1-1_gcc-6_-O2 12
maitesin-acc-4891b9a_grammar_tests_clang-9_-O2 14
dvidelabs-flatcc-3b39ef7_flatc_compat_clang-9_-O2 14
prog2_1.4_gcc-8_-O2 14
sgerbino-table-2fdd8d0_table_row_test_gcc-6_-O2 10
vis_vis_gcc-8_-O0 11
eddieantonio-ocreval-3ab279a_accuracy_clang-9_-O2 11
stcorp-coda-3a25f25_codadump_gcc-8_-O2 15
prog2_0.11.1_gcc-8_-O2 12
dvidelabs-flatcc-3b39ef7_json_test_uql_clang-9_-O0 9
prog2_MT1E1-1.2_clang-7_-O0 7
dvidelabs-flatcc-3b39ef7_monster_test_clang-9_-O0 9
prog2_0.1_gcc-8_-O2 8
CoolerVoid-raptor_waf-5d2cf7c_Raptor_gcc-6_-O0 10
charybdis_bandb_clang-9_-O0 12
eddieantonio-ocreval-3ab279a_wordaccci_clang-7_-O0 11
eddieantonio-ocreval-3ab279a_accsum_gcc-6_-O2 10
eddieantonio-ocreval-3ab279a_accdist_clang-9_-O2 13
stcorp-coda-3a25f25_codacheck_clang-7_-O0 11
prog2_3.2_clang-7_-O2 14
stcorp-coda-3a25f25_codacheck_gcc-8_-O0 9
maitesin-acc-4891b9a_lexer_tests_gcc-8_-O0 12
stcorp-coda-3a25f25_codaeval_gcc-8_-O2 14
dvidelabs-flatcc-3b39ef7_flatcc_gcc-8_-O2 13
Snaipe-Mimick-1dc4659_strdup_test_clang-7_-O0 5
stcorp-coda-3a25f25_codadump_gcc-6_-O2 15
pngquant_pngquant_clang-9_-O2 12
eddieantonio-ocreval-3ab279a_accuracy_clang-9_-O0 13
eddieantonio-ocreval-3ab279a_wordacc_clang-9_-O2 15
Snaipe-Mimick-1dc4659_mmk_test_clang-9_-O2 11
prog2_1.1.3_clang-9_-O0 9
dvidelabs-flatcc-3b39ef7_monster_test_prefix_clang-9_-O0 9
prog2_7.1_clang-9_-O2 13
prog2_0.11.2_clang-7_-O0 7
mdnsd_mquery_clang-7_-O2 15
eddieantonio-ocreval-3ab279a_groupacc_gcc-6_-O2 11
charybdis_bantool_clang-7_-O2 14
mdnsd_mdnsd_clang-9_-O2 14
dvidelabs-flatcc-3b39ef7_reflection_test_gcc-8_-O0 8
sgerbino-table-2fdd8d0_table_column_test_gcc-6_-O0 8
charybdis_charybdis_gcc-8_-O0 7
dvidelabs-flatcc-3b39ef7_load_test_clang-9_-O2 6
prog2_0.5_gcc-6_-O0 8
prog2_0.2_gcc-8_-O0 8
dvidelabs-flatcc-3b39ef7_test_basic_parse_gcc-6_-O0 9
prog2_4_clang-7_-O0 8
prog2_MT2E2-1_gcc-6_-O2 13
pngquant_pngquant_gcc-6_-O2 13
charybdis_bandb_clang-7_-O0 12
dvidelabs-flatcc-3b39ef7_test_json_parser_gcc-6_-O2 11
eddieantonio-ocreval-3ab279a_wordaccdist_gcc-8_-O0 12
charybdis_bantool_gcc-8_-O0 10
dvidelabs-flatcc-3b39ef7_cgen_test_clang-7_-O2 12
prog2_7.1_gcc-6_-O0 9
vis_vis-digraph_clang-7_-O0 8
xmidt-org-trower-base64-20eecf3_simple_gcc-6_-O0 8
prog2_10.1_gcc-8_-O2 12
prog2_0.1_clang-9_-O0 8
charybdis_bantool_gcc-6_-O0 10
dvidelabs-flatcc-3b39ef7_cgen_test_gcc-6_-O0 9
dvidelabs-flatcc-3b39ef7_flatc_compat_gcc-6_-O2 14
prog2_MT2E1-1_gcc-8_-O0 9
stcorp-coda-3a25f25_codacheck_gcc-8_-O2 14
prog2_Extras_cores_clang-7_-O2 5
prog2_0.3_gcc-8_-O2 12
eddieantonio-ocreval-3ab279a_editopcost_clang-9_-O2 15
prog2_1.4_gcc-6_-O0 9
vis_vis_clang-7_-O0 11
charybdis_charybdis-mkfingerprint_gcc-8_-O0 9
prog2_MT2E1-2_gcc-6_-O2 15
vis_vis_gcc-8_-O2 15
prog2_8_clang-7_-O0 8
sgerbino-table-2fdd8d0_table_serialize_test_gcc-8_-O0 10
jclehner-nmrpflash-5fc77cc_nmrpflash_gcc-8_-O0 9
dvidelabs-flatcc-3b39ef7_cgen_test_gcc-8_-O2 12
sgerbino-table-2fdd8d0_table_serialize_test_gcc-6_-O2 14
eddieantonio-ocreval-3ab279a_wordacc_gcc-8_-O2 12
prog2_MT1E1-2.1_clang-9_-O2 14
prog2_3.e.3_clang-9_-O0 7
prog2_1.2_gcc-6_-O0 9
stcorp-coda-3a25f25_codadump_clang-9_-O0 7
charybdis_charybdis-mkfingerprint_clang-9_-O0 7
eddieantonio-ocreval-3ab279a_accuracy_gcc-6_-O0 11
stcorp-coda-3a25f25_TestEndianess.bin_clang-7_-O0 7
prog2_0.11.2_gcc-6_-O0 8
dvidelabs-flatcc-3b39ef7_emit_test_gcc-8_-O0 8
prog2_2.1_gcc-6_-O2 13
prog2_9_gcc-8_-O0 9
eddieantonio-ocreval-3ab279a_groupacc_clang-9_-O2 13
rootname_rootname_gcc-6_-O0 8
prog2_3.2_gcc-6_-O0 10
dvidelabs-flatcc-3b39ef7_reflection_test_clang-9_-O2 8
prog2_MT2E2-1_gcc-6_-O0 9
prog2_0.1_gcc-8_-O0 8
oor_oor_clang-9_-O2 11
pngquant_pngquant_clang-7_-O0 7
prog2_0.8_gcc-6_-O0 8
prog2_1.3_gcc-8_-O0 8
sgerbino-table-2fdd8d0_table_column_test_clang-7_-O2 11
dvidelabs-flatcc-3b39ef7_monster_test_solo_clang-9_-O2 8
prog2_8_gcc-8_-O2 8
eddieantonio-ocreval-3ab279a_wordaccsum_clang-9_-O0 12
Snaipe-Mimick-1dc4659_strdup_test_gcc-8_-O2 6
dvidelabs-flatcc-3b39ef7_monster_test_solo_gcc-8_-O2 9
dvidelabs-flatcc-3b39ef7_test_json_parser_gcc-6_-O0 9
stcorp-coda-3a25f25_codaeval_clang-9_-O0 9
prog2_0.9_gcc-8_-O0 8
charybdis_ssld_clang-9_-O2 15
sgerbino-table-2fdd8d0_table_version_test_gcc-6_-O2 5
dvidelabs-flatcc-3b39ef7_test_basic_parse_clang-9_-O0 10
stcorp-coda-3a25f25_codacheck_clang-7_-O2 14
dvidelabs-flatcc-3b39ef7_monster_test_concat_gcc-8_-O0 7
eddieantonio-ocreval-3ab279a_wordfreq_clang-9_-O2 15
eddieantonio-ocreval-3ab279a_editop_clang-7_-O2 14
eddieantonio-ocreval-3ab279a_synctext_clang-7_-O2 15
prog2_0.10_clang-7_-O2 13
charybdis_charybdis-mkfingerprint_gcc-6_-O2 12
LuaJIT-2.0.5_buildvm_clang-9_-O0 8
Snaipe-Mimick-1dc4659_mmk_test_clang-7_-O2 11
prog2_7.1_clang-7_-O0 10
prog2_5.1_gcc-8_-O2 13
charybdis_charybdis_clang-7_-O0 7
LuaJIT-2.0.5_minilua_clang-7_-O0 8
eddieantonio-ocreval-3ab279a_ngram_gcc-8_-O2 11
sgerbino-table-2fdd8d0_table_binary_search_test_clang-7_-O2 14
eddieantonio-ocreval-3ab279a_vote_clang-9_-O2 11
prog2_0.1_gcc-6_-O2 8
eddieantonio-ocreval-3ab279a_wordaccci_clang-9_-O2 14
prog2_0.9_clang-7_-O2 14
sgerbino-table-2fdd8d0_table_row_test_clang-9_-O0 9
prog2_6.Challenge_clang-9_-O0 8
mdnsd_mdnsd_gcc-8_-O2 15
prog2_2.2_clang-7_-O2 13
eddieantonio-ocreval-3ab279a_editopcost_clang-7_-O2 14
eddieantonio-ocreval-3ab279a_accci_clang-9_-O0 11
prog2_MT1E1-2.2_clang-9_-O2 14
eddieantonio-ocreval-3ab279a_nonstopacc_clang-9_-O0 11
eddieantonio-ocreval-3ab279a_wordfreq_gcc-8_-O0 10
prog2_9_gcc-6_-O2 14
oor_oor_clang-7_-O2 11
stcorp-coda-3a25f25_TestEndianess.bin_clang-9_-O2 5
prog2_MT1E1-2.1_clang-9_-O0 9
sgerbino-table-2fdd8d0_table_row_test_clang-9_-O2 11
charybdis_charybdis_clang-9_-O0 7
stcorp-coda-3a25f25_TestEndianess.bin_gcc-6_-O0 8
stcorp-coda-3a25f25_codadump_clang-9_-O2 14
tbeu-matio-3dd266d_matdump_clang-7_-O2 15
prog2_MT1E1-1.1_gcc-6_-O2 12
sgerbino-table-2fdd8d0_table_callback_test_gcc-8_-O2 11
maitesin-acc-4891b9a_acc_gcc-8_-O2 14
prog2_0.9_gcc-6_-O2 10
pngquant_pngquant_gcc-8_-O0 9
eddieantonio-ocreval-3ab279a_wordaccci_gcc-8_-O2 10
eddieantonio-ocreval-3ab279a_editopsum_gcc-6_-O0 10
tbeu-matio-3dd266d_test_mat_clang-9_-O2 15
prog2_3.e.3_clang-7_-O0 7
charybdis_wsockd_gcc-8_-O2 15
dvidelabs-flatcc-3b39ef7_monster_test_clang-7_-O2 6
prog2_1.3_clang-9_-O0 11
sgerbino-table-2fdd8d0_table_validator_test_gcc-6_-O0 8
prog2_6.Challenge_gcc-8_-O2 14
dvidelabs-flatcc-3b39ef7_cgen_test_clang-9_-O0 10
ReadStat_readstat_gcc-6_-O0 10
prog2_0.8_gcc-8_-O0 8
dvidelabs-flatcc-3b39ef7_emit_test_clang-9_-O0 7
eddieantonio-ocreval-3ab279a_wordacc_clang-7_-O2 15
jclehner-nmrpflash-5fc77cc_nmrpflash_clang-7_-O2 13
dvidelabs-flatcc-3b39ef7_monster_test_solo_clang-7_-O0 9
dvidelabs-flatcc-3b39ef7_json_test_uq_off_clang-7_-O0 9
stcorp-coda-3a25f25_codadd_clang-9_-O0 15
dvidelabs-flatcc-3b39ef7_load_test_gcc-8_-O0 8
stcorp-coda-3a25f25_codacmp_clang-9_-O0 8
dvidelabs-flatcc-3b39ef7_monster_test_gcc-8_-O0 7
sgerbino-table-2fdd8d0_table_serialize_test_gcc-8_-O2 14
vis_vis_clang-7_-O2 14
jclehner-nmrpflash-5fc77cc_nmrpflash_gcc-6_-O2 15
eddieantonio-ocreval-3ab279a_ngram_clang-9_-O0 12
eddieantonio-ocreval-3ab279a_vote_clang-7_-O2 11
eddieantonio-ocreval-3ab279a_accci_gcc-6_-O0 10
dvidelabs-flatcc-3b39ef7_bfbs2json_clang-9_-O0 7
prog2_Extras_cores_clang-9_-O2 5
dvidelabs-flatcc-3b39ef7_flatcc_clang-9_-O2 14
dvidelabs-flatcc-3b39ef7_test_json_printer_gcc-8_-O2 12
prog2_2.2_gcc-6_-O2 15
prog2_9_gcc-6_-O0 9
prog2_0.11.2_clang-9_-O2 13
prog2_1.3_clang-7_-O2 13
prog2_1.1.3_gcc-6_-O0 8
prog2_1.5_clang-7_-O2 9
stcorp-coda-3a25f25_codafind_gcc-6_-O0 9
tbeu-matio-3dd266d_test_mat_clang-7_-O0 9
prog2_MT1E1-1.1_clang-7_-O2 13
sgerbino-table-2fdd8d0_table_version_test_gcc-8_-O2 6
prog2_0.6_gcc-6_-O2 14
prog2_3.1_clang-9_-O0 7
prog2_1.2_clang-7_-O2 15
sgerbino-table-2fdd8d0_table_serialize_test_gcc-6_-O0 10
prog2_1.5_gcc-8_-O0 8
maitesin-acc-4891b9a_grammar_tests_clang-7_-O2 14
mdnsd_mdnsd_clang-7_-O2 15
eddieantonio-ocreval-3ab279a_accdist_clang-9_-O0 12
sgerbino-table-2fdd8d0_table_version_test_clang-9_-O2 6
eddieantonio-ocreval-3ab279a_accsum_clang-7_-O0 12
prog2_0.3_clang-7_-O0 8
stcorp-coda-3a25f25_codadump_gcc-6_-O0 9
prog2_MT1E1-1.2_clang-9_-O0 7
dvidelabs-flatcc-3b39ef7_monster_test_prefix_clang-7_-O0 9
dvidelabs-flatcc-3b39ef7_test_json_printer_clang-7_-O2 12
dvidelabs-flatcc-3b39ef7_json_test_uql_gcc-6_-O0 8
dvidelabs-flatcc-3b39ef7_test_json_parser_gcc-8_-O2 12
prog2_7.1_gcc-8_-O0 8
prog2_3.2_gcc-8_-O0 9
eddieantonio-ocreval-3ab279a_wordaccdist_gcc-8_-O2 12
eddieantonio-ocreval-3ab279a_nonstopacc_gcc-8_-O0 11
stcorp-coda-3a25f25_codadump_clang-7_-O0 7
oor_oor_gcc-8_-O0 11
eddieantonio-ocreval-3ab279a_accci_gcc-8_-O0 10
dvidelabs-flatcc-3b39ef7_test_basic_parse_gcc-8_-O2 9
prog2_0.3_clang-9_-O2 12
prog2_MT2E1-1_clang-9_-O2 14
eddieantonio-ocreval-3ab279a_accdist_gcc-8_-O0 11
prog2_4_clang-9_-O2 10
eddieantonio-ocreval-3ab279a_ngram_clang-9_-O2 13
eddieantonio-ocreval-3ab279a_wordaccdist_clang-7_-O0 10
dvidelabs-flatcc-3b39ef7_emit_test_gcc-8_-O2 5
dvidelabs-flatcc-3b39ef7_monster_test_prefix_gcc-8_-O2 9
prog2_0.5_gcc-8_-O2 11
eddieantonio-ocreval-3ab279a_wordaccsum_clang-9_-O2 13
vis_vis-menu_gcc-8_-O0 9
charybdis_charybdis_gcc-8_-O2 0
prog2_1.4_clang-7_-O2 14
eddieantonio-ocreval-3ab279a_wordaccsum_clang-7_-O0 11
prog2_0.11.2_clang-9_-O0 8
prog2_0.10_gcc-6_-O0 8
prog2_6.Challenge_clang-9_-O2 14
prog2_0.7_clang-7_-O2 14
prog2_5.1_gcc-6_-O0 7
prog2_0.6_clang-7_-O0 8
prog2_0.8_clang-7_-O2 13
tbeu-matio-3dd266d_test_snprintf_gcc-6_-O0 9
eddieantonio-ocreval-3ab279a_synctext_clang-7_-O0 11
eddieantonio-ocreval-3ab279a_editopsum_clang-7_-O0 11
prog2_0.6_gcc-8_-O0 9
sgerbino-table-2fdd8d0_table_version_test_gcc-8_-O0 7
charybdis_wsockd_clang-9_-O2 13
eddieantonio-ocreval-3ab279a_vote_gcc-8_-O0 10
dvidelabs-flatcc-3b39ef7_monster_test_gcc-6_-O2 6
mdnsd_mquery_clang-7_-O0 9
charybdis_charybdis-mkpasswd_clang-7_-O0 7
eddieantonio-ocreval-3ab279a_editopcost_gcc-6_-O0 9
prog2_2.2_clang-7_-O0 7
stcorp-coda-3a25f25_codacmp_gcc-6_-O0 9
prog2_0.9_clang-9_-O0 10
prog2_10.1_clang-7_-O2 13
prog2_0.6_clang-7_-O2 14
eddieantonio-ocreval-3ab279a_accdist_gcc-8_-O2 11
eddieantonio-ocreval-3ab279a_nonstopacc_gcc-6_-O2 11
prog2_0.10_gcc-6_-O2 10
dvidelabs-flatcc-3b39ef7_reflection_test_clang-9_-O0 7
charybdis_authd_clang-9_-O2 14
stcorp-coda-3a25f25_codaeval_clang-9_-O2 14
prog2_0.11.2_gcc-8_-O0 8
prog2_0.5_gcc-6_-O2 12
ReadStat_extract_metadata_gcc-8_-O2 10
dvidelabs-flatcc-3b39ef7_test_json_parser_clang-7_-O2 12
dvidelabs-flatcc-3b39ef7_load_test_gcc-6_-O2 14
prog2_MT2E2-2_clang-7_-O2 13
prog2_9_clang-9_-O0 9
prog2_2.3.2_clang-9_-O0 8
prog2_2.1_gcc-8_-O0 8
eddieantonio-ocreval-3ab279a_nonstopacc_gcc-8_-O2 12
prog2_1.1.3_clang-7_-O0 9
prog2_0.7_clang-9_-O0 10
stcorp-coda-3a25f25_codafind_gcc-8_-O2 15
prog2_0.4_clang-7_-O2 14
eddieantonio-ocreval-3ab279a_nonstopacc_gcc-6_-O0 10
eddieantonio-ocreval-3ab279a_editop_gcc-8_-O0 11
sgerbino-table-2fdd8d0_table_callback_test_clang-9_-O2 12
prog2_5.1_gcc-8_-O0 7
charybdis_charybdis_gcc-6_-O2 0
tbeu-matio-3dd266d_test_snprintf_clang-7_-O2 14
prog2_MT2E1-2_clang-7_-O0 8
charybdis_authd_gcc-6_-O2 10
LuaJIT-2.0.5_minilua_gcc-8_-O0 8
sgerbino-table-2fdd8d0_table_column_test_clang-9_-O0 7
prog2_0.9_gcc-8_-O2 10
oor_oor_gcc-8_-O2 12
dvidelabs-flatcc-3b39ef7_monster_test_concat_clang-7_-O0 9
LuaJIT-2.0.5_buildvm_clang-7_-O2 14
eddieantonio-ocreval-3ab279a_accdist_clang-7_-O0 12
xmidt-org-trower-base64-20eecf3_simple_gcc-8_-O0 13
vis_vis-menu_clang-7_-O2 14
tbeu-matio-3dd266d_test_snprintf_gcc-8_-O0 8
dvidelabs-flatcc-3b39ef7_test_json_printer_clang-9_-O0 9
dvidelabs-flatcc-3b39ef7_json_test_uq_off_clang-7_-O2 13
prog2_1.4_gcc-6_-O2 14
prog2_8_clang-9_-O2 10
charybdis_charybdis-mkfingerprint_clang-7_-O0 7
prog2_4_gcc-6_-O0 9
prog2_1.1.3_clang-9_-O2 11
prog2_Extras_cores_clang-9_-O0 6
mdnsd_mquery_clang-9_-O0 11
maitesin-acc-4891b9a_grammar_tests_gcc-8_-O2 15
prog2_MT2E1-2_clang-9_-O2 14
prog2_Extras_cores_clang-7_-O0 6
mdnsd_mquery_gcc-8_-O2 15
prog2_1.2_gcc-6_-O2 15
prog2_0.4_gcc-6_-O2 11
charybdis_bantool_clang-7_-O0 11
prog2_2.3.2_gcc-6_-O2 14
prog2_6.Challenge_clang-7_-O0 8
prog2_3.1_gcc-6_-O2 13
oor_oor_clang-7_-O0 7
prog2_MT2E1-2_gcc-6_-O0 9
prog2_MT2E1-2_gcc-8_-O2 15
eddieantonio-ocreval-3ab279a_editopsum_gcc-8_-O0 12
prog2_10.1_clang-7_-O0 11
eddieantonio-ocreval-3ab279a_groupacc_clang-7_-O0 12
eddieantonio-ocreval-3ab279a_editop_gcc-6_-O0 11
sgerbino-table-2fdd8d0_table_memtest_clang-9_-O2 13
prog2_0.9_clang-9_-O2 14
prog2_MT1E1-1.2_clang-7_-O2 14
dvidelabs-flatcc-3b39ef7_reflection_test_gcc-6_-O2 7
charybdis_charybdis-mkpasswd_clang-9_-O0 7
prog2_0.2_gcc-6_-O2 11
stcorp-coda-3a25f25_codacheck_clang-9_-O2 14
stcorp-coda-3a25f25_TestEndianess.bin_gcc-8_-O0 8
ReadStat_readstat_clang-9_-O0 9
vis_vis-digraph_clang-9_-O0 8
sgerbino-table-2fdd8d0_table_binary_search_test_clang-9_-O0 9
eddieantonio-ocreval-3ab279a_vote_gcc-8_-O2 12
ReadStat_extract_metadata_clang-7_-O2 12
sgerbino-table-2fdd8d0_table_memtest_gcc-8_-O0 8
prog2_2.1_clang-7_-O2 12
prog2_1.3_clang-9_-O2 13
prog2_MT1E1-2.2_gcc-8_-O2 12
dvidelabs-flatcc-3b39ef7_reflection_test_gcc-6_-O0 8
charybdis_bandb_gcc-6_-O2 14
eddieantonio-ocreval-3ab279a_editop_gcc-6_-O2 13
maitesin-acc-4891b9a_acc_clang-9_-O2 14
charybdis_bantool_gcc-8_-O2 15
sgerbino-table-2fdd8d0_table_validator_test_clang-7_-O2 11
eddieantonio-ocreval-3ab279a_editop_gcc-8_-O2 13
prog2_0.9_clang-7_-O0 10
charybdis_charybdis-mkpasswd_clang-7_-O2 14
eddieantonio-ocreval-3ab279a_synctext_gcc-6_-O2 15
dvidelabs-flatcc-3b39ef7_cgen_test_clang-7_-O0 10
prog2_1.5_gcc-8_-O2 12
dvidelabs-flatcc-3b39ef7_monster_test_prefix_gcc-8_-O0 8
prog2_MT2E1-1_gcc-6_-O0 9
dvidelabs-flatcc-3b39ef7_test_json_printer_gcc-6_-O2 12
